CRITICAL - 2022-06-02 01:19:15 --> Undefined variable $title
#0 /media/nirmala-std/CC52D50B52D4FB62/xampp/htdocs/veteran-cbt/app/Views/auth/template/index.php(12): CodeIgniter\Debug\Exceptions->errorHandler()
#1 /media/nirmala-std/CC52D50B52D4FB62/xampp/htdocs/veteran-cbt/vendor/codeigniter4/framework/system/View/View.php(210): include('...')
#2 /media/nirmala-std/CC52D50B52D4FB62/xampp/htdocs/veteran-cbt/vendor/codeigniter4/framework/system/View/View.php(213): CodeIgniter\View\View->CodeIgniter\View\{closure}()
#3 /media/nirmala-std/CC52D50B52D4FB62/xampp/htdocs/veteran-cbt/vendor/codeigniter4/framework/system/View/View.php(226): CodeIgniter\View\View->render()
#4 /media/nirmala-std/CC52D50B52D4FB62/xampp/htdocs/veteran-cbt/vendor/codeigniter4/framework/system/Common.php(1089): CodeIgniter\View\View->render()
#5 /media/nirmala-std/CC52D50B52D4FB62/xampp/htdocs/veteran-cbt/vendor/myth/auth/src/Controllers/AuthController.php(429): view()
#6 /media/nirmala-std/CC52D50B52D4FB62/xampp/htdocs/veteran-cbt/vendor/myth/auth/src/Controllers/AuthController.php(57): Myth\Auth\Controllers\AuthController->_render()
#7 /media/nirmala-std/CC52D50B52D4FB62/xampp/htdocs/veteran-cbt/vendor/codeigniter4/framework/system/CodeIgniter.php(832): Myth\Auth\Controllers\AuthController->login()
#8 /media/nirmala-std/CC52D50B52D4FB62/xampp/htdocs/veteran-cbt/vendor/codeigniter4/framework/system/CodeIgniter.php(419): CodeIgniter\CodeIgniter->runController()
#9 /media/nirmala-std/CC52D50B52D4FB62/xampp/htdocs/veteran-cbt/vendor/codeigniter4/framework/system/CodeIgniter.php(326): CodeIgniter\CodeIgniter->handleRequest()
#10 /media/nirmala-std/CC52D50B52D4FB62/xampp/htdocs/veteran-cbt/public/index.php(37): CodeIgniter\CodeIgniter->run()
#11 /media/nirmala-std/CC52D50B52D4FB62/xampp/htdocs/veteran-cbt/vendor/codeigniter4/framework/system/Commands/Server/rewrite.php(43): require_once('...')
#12 {main}
CRITICAL - 2022-06-02 01:19:54 --> Undefined variable $title
#0 /media/nirmala-std/CC52D50B52D4FB62/xampp/htdocs/veteran-cbt/app/Views/auth/template/index.php(12): CodeIgniter\Debug\Exceptions->errorHandler()
#1 /media/nirmala-std/CC52D50B52D4FB62/xampp/htdocs/veteran-cbt/vendor/codeigniter4/framework/system/View/View.php(210): include('...')
#2 /media/nirmala-std/CC52D50B52D4FB62/xampp/htdocs/veteran-cbt/vendor/codeigniter4/framework/system/View/View.php(213): CodeIgniter\View\View->CodeIgniter\View\{closure}()
#3 /media/nirmala-std/CC52D50B52D4FB62/xampp/htdocs/veteran-cbt/vendor/codeigniter4/framework/system/View/View.php(226): CodeIgniter\View\View->render()
#4 /media/nirmala-std/CC52D50B52D4FB62/xampp/htdocs/veteran-cbt/vendor/codeigniter4/framework/system/Common.php(1089): CodeIgniter\View\View->render()
#5 /media/nirmala-std/CC52D50B52D4FB62/xampp/htdocs/veteran-cbt/vendor/myth/auth/src/Controllers/AuthController.php(429): view()
#6 /media/nirmala-std/CC52D50B52D4FB62/xampp/htdocs/veteran-cbt/vendor/myth/auth/src/Controllers/AuthController.php(57): Myth\Auth\Controllers\AuthController->_render()
#7 /media/nirmala-std/CC52D50B52D4FB62/xampp/htdocs/veteran-cbt/vendor/codeigniter4/framework/system/CodeIgniter.php(832): Myth\Auth\Controllers\AuthController->login()
#8 /media/nirmala-std/CC52D50B52D4FB62/xampp/htdocs/veteran-cbt/vendor/codeigniter4/framework/system/CodeIgniter.php(419): CodeIgniter\CodeIgniter->runController()
#9 /media/nirmala-std/CC52D50B52D4FB62/xampp/htdocs/veteran-cbt/vendor/codeigniter4/framework/system/CodeIgniter.php(326): CodeIgniter\CodeIgniter->handleRequest()
#10 /media/nirmala-std/CC52D50B52D4FB62/xampp/htdocs/veteran-cbt/public/index.php(37): CodeIgniter\CodeIgniter->run()
#11 /media/nirmala-std/CC52D50B52D4FB62/xampp/htdocs/veteran-cbt/vendor/codeigniter4/framework/system/Commands/Server/rewrite.php(43): require_once('...')
#12 {main}
CRITICAL - 2022-06-02 01:21:12 --> Undefined variable $title
#0 /media/nirmala-std/CC52D50B52D4FB62/xampp/htdocs/veteran-cbt/app/Views/auth/template/index.php(12): CodeIgniter\Debug\Exceptions->errorHandler()
#1 /media/nirmala-std/CC52D50B52D4FB62/xampp/htdocs/veteran-cbt/vendor/codeigniter4/framework/system/View/View.php(210): include('...')
#2 /media/nirmala-std/CC52D50B52D4FB62/xampp/htdocs/veteran-cbt/vendor/codeigniter4/framework/system/View/View.php(213): CodeIgniter\View\View->CodeIgniter\View\{closure}()
#3 /media/nirmala-std/CC52D50B52D4FB62/xampp/htdocs/veteran-cbt/vendor/codeigniter4/framework/system/View/View.php(226): CodeIgniter\View\View->render()
#4 /media/nirmala-std/CC52D50B52D4FB62/xampp/htdocs/veteran-cbt/vendor/codeigniter4/framework/system/Common.php(1089): CodeIgniter\View\View->render()
#5 /media/nirmala-std/CC52D50B52D4FB62/xampp/htdocs/veteran-cbt/vendor/myth/auth/src/Controllers/AuthController.php(429): view()
#6 /media/nirmala-std/CC52D50B52D4FB62/xampp/htdocs/veteran-cbt/vendor/myth/auth/src/Controllers/AuthController.php(57): Myth\Auth\Controllers\AuthController->_render()
#7 /media/nirmala-std/CC52D50B52D4FB62/xampp/htdocs/veteran-cbt/vendor/codeigniter4/framework/system/CodeIgniter.php(832): Myth\Auth\Controllers\AuthController->login()
#8 /media/nirmala-std/CC52D50B52D4FB62/xampp/htdocs/veteran-cbt/vendor/codeigniter4/framework/system/CodeIgniter.php(419): CodeIgniter\CodeIgniter->runController()
#9 /media/nirmala-std/CC52D50B52D4FB62/xampp/htdocs/veteran-cbt/vendor/codeigniter4/framework/system/CodeIgniter.php(326): CodeIgniter\CodeIgniter->handleRequest()
#10 /media/nirmala-std/CC52D50B52D4FB62/xampp/htdocs/veteran-cbt/public/index.php(37): CodeIgniter\CodeIgniter->run()
#11 /media/nirmala-std/CC52D50B52D4FB62/xampp/htdocs/veteran-cbt/vendor/codeigniter4/framework/system/Commands/Server/rewrite.php(43): require_once('...')
#12 {main}
CRITICAL - 2022-06-02 01:21:14 --> Undefined variable $title
#0 /media/nirmala-std/CC52D50B52D4FB62/xampp/htdocs/veteran-cbt/app/Views/auth/template/index.php(12): CodeIgniter\Debug\Exceptions->errorHandler()
#1 /media/nirmala-std/CC52D50B52D4FB62/xampp/htdocs/veteran-cbt/vendor/codeigniter4/framework/system/View/View.php(210): include('...')
#2 /media/nirmala-std/CC52D50B52D4FB62/xampp/htdocs/veteran-cbt/vendor/codeigniter4/framework/system/View/View.php(213): CodeIgniter\View\View->CodeIgniter\View\{closure}()
#3 /media/nirmala-std/CC52D50B52D4FB62/xampp/htdocs/veteran-cbt/vendor/codeigniter4/framework/system/View/View.php(226): CodeIgniter\View\View->render()
#4 /media/nirmala-std/CC52D50B52D4FB62/xampp/htdocs/veteran-cbt/vendor/codeigniter4/framework/system/Common.php(1089): CodeIgniter\View\View->render()
#5 /media/nirmala-std/CC52D50B52D4FB62/xampp/htdocs/veteran-cbt/vendor/myth/auth/src/Controllers/AuthController.php(429): view()
#6 /media/nirmala-std/CC52D50B52D4FB62/xampp/htdocs/veteran-cbt/vendor/myth/auth/src/Controllers/AuthController.php(57): Myth\Auth\Controllers\AuthController->_render()
#7 /media/nirmala-std/CC52D50B52D4FB62/xampp/htdocs/veteran-cbt/vendor/codeigniter4/framework/system/CodeIgniter.php(832): Myth\Auth\Controllers\AuthController->login()
#8 /media/nirmala-std/CC52D50B52D4FB62/xampp/htdocs/veteran-cbt/vendor/codeigniter4/framework/system/CodeIgniter.php(419): CodeIgniter\CodeIgniter->runController()
#9 /media/nirmala-std/CC52D50B52D4FB62/xampp/htdocs/veteran-cbt/vendor/codeigniter4/framework/system/CodeIgniter.php(326): CodeIgniter\CodeIgniter->handleRequest()
#10 /media/nirmala-std/CC52D50B52D4FB62/xampp/htdocs/veteran-cbt/public/index.php(37): CodeIgniter\CodeIgniter->run()
#11 /media/nirmala-std/CC52D50B52D4FB62/xampp/htdocs/veteran-cbt/vendor/codeigniter4/framework/system/Commands/Server/rewrite.php(43): require_once('...')
#12 {main}
CRITICAL - 2022-06-02 01:21:26 --> Undefined variable $title
#0 /media/nirmala-std/CC52D50B52D4FB62/xampp/htdocs/veteran-cbt/app/Views/auth/template/index.php(12): CodeIgniter\Debug\Exceptions->errorHandler()
#1 /media/nirmala-std/CC52D50B52D4FB62/xampp/htdocs/veteran-cbt/vendor/codeigniter4/framework/system/View/View.php(210): include('...')
#2 /media/nirmala-std/CC52D50B52D4FB62/xampp/htdocs/veteran-cbt/vendor/codeigniter4/framework/system/View/View.php(213): CodeIgniter\View\View->CodeIgniter\View\{closure}()
#3 /media/nirmala-std/CC52D50B52D4FB62/xampp/htdocs/veteran-cbt/vendor/codeigniter4/framework/system/View/View.php(226): CodeIgniter\View\View->render()
#4 /media/nirmala-std/CC52D50B52D4FB62/xampp/htdocs/veteran-cbt/vendor/codeigniter4/framework/system/Common.php(1089): CodeIgniter\View\View->render()
#5 /media/nirmala-std/CC52D50B52D4FB62/xampp/htdocs/veteran-cbt/vendor/myth/auth/src/Controllers/AuthController.php(429): view()
#6 /media/nirmala-std/CC52D50B52D4FB62/xampp/htdocs/veteran-cbt/vendor/myth/auth/src/Controllers/AuthController.php(57): Myth\Auth\Controllers\AuthController->_render()
#7 /media/nirmala-std/CC52D50B52D4FB62/xampp/htdocs/veteran-cbt/vendor/codeigniter4/framework/system/CodeIgniter.php(832): Myth\Auth\Controllers\AuthController->login()
#8 /media/nirmala-std/CC52D50B52D4FB62/xampp/htdocs/veteran-cbt/vendor/codeigniter4/framework/system/CodeIgniter.php(419): CodeIgniter\CodeIgniter->runController()
#9 /media/nirmala-std/CC52D50B52D4FB62/xampp/htdocs/veteran-cbt/vendor/codeigniter4/framework/system/CodeIgniter.php(326): CodeIgniter\CodeIgniter->handleRequest()
#10 /media/nirmala-std/CC52D50B52D4FB62/xampp/htdocs/veteran-cbt/public/index.php(37): CodeIgniter\CodeIgniter->run()
#11 /media/nirmala-std/CC52D50B52D4FB62/xampp/htdocs/veteran-cbt/vendor/codeigniter4/framework/system/Commands/Server/rewrite.php(43): require_once('...')
#12 {main}
CRITICAL - 2022-06-02 01:23:06 --> Cannot declare class Myth\Auth\Filters\RoleFilter, because the name is already in use
#0 [internal function]: CodeIgniter\Debug\Exceptions->shutdownHandler()
#1 {main}
CRITICAL - 2022-06-02 01:29:03 --> Invalid file: App\Views\auth\login_admin1.php
#0 /media/nirmala-std/CC52D50B52D4FB62/xampp/htdocs/veteran-cbt/vendor/codeigniter4/framework/system/View/View.php(198): CodeIgniter\Exceptions\FrameworkException::forInvalidFile()
#1 /media/nirmala-std/CC52D50B52D4FB62/xampp/htdocs/veteran-cbt/vendor/codeigniter4/framework/system/Common.php(1089): CodeIgniter\View\View->render()
#2 /media/nirmala-std/CC52D50B52D4FB62/xampp/htdocs/veteran-cbt/vendor/myth/auth/src/Controllers/AuthController.php(429): view()
#3 /media/nirmala-std/CC52D50B52D4FB62/xampp/htdocs/veteran-cbt/vendor/myth/auth/src/Controllers/AuthController.php(57): Myth\Auth\Controllers\AuthController->_render()
#4 /media/nirmala-std/CC52D50B52D4FB62/xampp/htdocs/veteran-cbt/vendor/codeigniter4/framework/system/CodeIgniter.php(832): Myth\Auth\Controllers\AuthController->login()
#5 /media/nirmala-std/CC52D50B52D4FB62/xampp/htdocs/veteran-cbt/vendor/codeigniter4/framework/system/CodeIgniter.php(419): CodeIgniter\CodeIgniter->runController()
#6 /media/nirmala-std/CC52D50B52D4FB62/xampp/htdocs/veteran-cbt/vendor/codeigniter4/framework/system/CodeIgniter.php(326): CodeIgniter\CodeIgniter->handleRequest()
#7 /media/nirmala-std/CC52D50B52D4FB62/xampp/htdocs/veteran-cbt/public/index.php(37): CodeIgniter\CodeIgniter->run()
#8 /media/nirmala-std/CC52D50B52D4FB62/xampp/htdocs/veteran-cbt/vendor/codeigniter4/framework/system/Commands/Server/rewrite.php(43): require_once('...')
#9 {main}
CRITICAL - 2022-06-02 01:29:34 --> Undefined variable $title
#0 /media/nirmala-std/CC52D50B52D4FB62/xampp/htdocs/veteran-cbt/app/Views/auth/template/index.php(12): CodeIgniter\Debug\Exceptions->errorHandler()
#1 /media/nirmala-std/CC52D50B52D4FB62/xampp/htdocs/veteran-cbt/vendor/codeigniter4/framework/system/View/View.php(210): include('...')
#2 /media/nirmala-std/CC52D50B52D4FB62/xampp/htdocs/veteran-cbt/vendor/codeigniter4/framework/system/View/View.php(213): CodeIgniter\View\View->CodeIgniter\View\{closure}()
#3 /media/nirmala-std/CC52D50B52D4FB62/xampp/htdocs/veteran-cbt/vendor/codeigniter4/framework/system/View/View.php(226): CodeIgniter\View\View->render()
#4 /media/nirmala-std/CC52D50B52D4FB62/xampp/htdocs/veteran-cbt/vendor/codeigniter4/framework/system/Common.php(1089): CodeIgniter\View\View->render()
#5 /media/nirmala-std/CC52D50B52D4FB62/xampp/htdocs/veteran-cbt/vendor/myth/auth/src/Controllers/AuthController.php(429): view()
#6 /media/nirmala-std/CC52D50B52D4FB62/xampp/htdocs/veteran-cbt/vendor/myth/auth/src/Controllers/AuthController.php(57): Myth\Auth\Controllers\AuthController->_render()
#7 /media/nirmala-std/CC52D50B52D4FB62/xampp/htdocs/veteran-cbt/vendor/codeigniter4/framework/system/CodeIgniter.php(832): Myth\Auth\Controllers\AuthController->login()
#8 /media/nirmala-std/CC52D50B52D4FB62/xampp/htdocs/veteran-cbt/vendor/codeigniter4/framework/system/CodeIgniter.php(419): CodeIgniter\CodeIgniter->runController()
#9 /media/nirmala-std/CC52D50B52D4FB62/xampp/htdocs/veteran-cbt/vendor/codeigniter4/framework/system/CodeIgniter.php(326): CodeIgniter\CodeIgniter->handleRequest()
#10 /media/nirmala-std/CC52D50B52D4FB62/xampp/htdocs/veteran-cbt/public/index.php(37): CodeIgniter\CodeIgniter->run()
#11 /media/nirmala-std/CC52D50B52D4FB62/xampp/htdocs/veteran-cbt/vendor/codeigniter4/framework/system/Commands/Server/rewrite.php(43): require_once('...')
#12 {main}
CRITICAL - 2022-06-02 01:29:42 --> Undefined variable $title
#0 /media/nirmala-std/CC52D50B52D4FB62/xampp/htdocs/veteran-cbt/app/Views/auth/template/index.php(12): CodeIgniter\Debug\Exceptions->errorHandler()
#1 /media/nirmala-std/CC52D50B52D4FB62/xampp/htdocs/veteran-cbt/vendor/codeigniter4/framework/system/View/View.php(210): include('...')
#2 /media/nirmala-std/CC52D50B52D4FB62/xampp/htdocs/veteran-cbt/vendor/codeigniter4/framework/system/View/View.php(213): CodeIgniter\View\View->CodeIgniter\View\{closure}()
#3 /media/nirmala-std/CC52D50B52D4FB62/xampp/htdocs/veteran-cbt/vendor/codeigniter4/framework/system/View/View.php(226): CodeIgniter\View\View->render()
#4 /media/nirmala-std/CC52D50B52D4FB62/xampp/htdocs/veteran-cbt/vendor/codeigniter4/framework/system/Common.php(1089): CodeIgniter\View\View->render()
#5 /media/nirmala-std/CC52D50B52D4FB62/xampp/htdocs/veteran-cbt/vendor/myth/auth/src/Controllers/AuthController.php(429): view()
#6 /media/nirmala-std/CC52D50B52D4FB62/xampp/htdocs/veteran-cbt/vendor/myth/auth/src/Controllers/AuthController.php(57): Myth\Auth\Controllers\AuthController->_render()
#7 /media/nirmala-std/CC52D50B52D4FB62/xampp/htdocs/veteran-cbt/vendor/codeigniter4/framework/system/CodeIgniter.php(832): Myth\Auth\Controllers\AuthController->login()
#8 /media/nirmala-std/CC52D50B52D4FB62/xampp/htdocs/veteran-cbt/vendor/codeigniter4/framework/system/CodeIgniter.php(419): CodeIgniter\CodeIgniter->runController()
#9 /media/nirmala-std/CC52D50B52D4FB62/xampp/htdocs/veteran-cbt/vendor/codeigniter4/framework/system/CodeIgniter.php(326): CodeIgniter\CodeIgniter->handleRequest()
#10 /media/nirmala-std/CC52D50B52D4FB62/xampp/htdocs/veteran-cbt/public/index.php(37): CodeIgniter\CodeIgniter->run()
#11 /media/nirmala-std/CC52D50B52D4FB62/xampp/htdocs/veteran-cbt/vendor/codeigniter4/framework/system/Commands/Server/rewrite.php(43): require_once('...')
#12 {main}
CRITICAL - 2022-06-02 01:29:46 --> Undefined variable $title
#0 /media/nirmala-std/CC52D50B52D4FB62/xampp/htdocs/veteran-cbt/app/Views/auth/template/index.php(12): CodeIgniter\Debug\Exceptions->errorHandler()
#1 /media/nirmala-std/CC52D50B52D4FB62/xampp/htdocs/veteran-cbt/vendor/codeigniter4/framework/system/View/View.php(210): include('...')
#2 /media/nirmala-std/CC52D50B52D4FB62/xampp/htdocs/veteran-cbt/vendor/codeigniter4/framework/system/View/View.php(213): CodeIgniter\View\View->CodeIgniter\View\{closure}()
#3 /media/nirmala-std/CC52D50B52D4FB62/xampp/htdocs/veteran-cbt/vendor/codeigniter4/framework/system/View/View.php(226): CodeIgniter\View\View->render()
#4 /media/nirmala-std/CC52D50B52D4FB62/xampp/htdocs/veteran-cbt/vendor/codeigniter4/framework/system/Common.php(1089): CodeIgniter\View\View->render()
#5 /media/nirmala-std/CC52D50B52D4FB62/xampp/htdocs/veteran-cbt/vendor/myth/auth/src/Controllers/AuthController.php(429): view()
#6 /media/nirmala-std/CC52D50B52D4FB62/xampp/htdocs/veteran-cbt/vendor/myth/auth/src/Controllers/AuthController.php(57): Myth\Auth\Controllers\AuthController->_render()
#7 /media/nirmala-std/CC52D50B52D4FB62/xampp/htdocs/veteran-cbt/vendor/codeigniter4/framework/system/CodeIgniter.php(832): Myth\Auth\Controllers\AuthController->login()
#8 /media/nirmala-std/CC52D50B52D4FB62/xampp/htdocs/veteran-cbt/vendor/codeigniter4/framework/system/CodeIgniter.php(419): CodeIgniter\CodeIgniter->runController()
#9 /media/nirmala-std/CC52D50B52D4FB62/xampp/htdocs/veteran-cbt/vendor/codeigniter4/framework/system/CodeIgniter.php(326): CodeIgniter\CodeIgniter->handleRequest()
#10 /media/nirmala-std/CC52D50B52D4FB62/xampp/htdocs/veteran-cbt/public/index.php(37): CodeIgniter\CodeIgniter->run()
#11 /media/nirmala-std/CC52D50B52D4FB62/xampp/htdocs/veteran-cbt/vendor/codeigniter4/framework/system/Commands/Server/rewrite.php(43): require_once('...')
#12 {main}
CRITICAL - 2022-06-02 01:29:53 --> Undefined variable $title
#0 /media/nirmala-std/CC52D50B52D4FB62/xampp/htdocs/veteran-cbt/app/Views/auth/template/index.php(12): CodeIgniter\Debug\Exceptions->errorHandler()
#1 /media/nirmala-std/CC52D50B52D4FB62/xampp/htdocs/veteran-cbt/vendor/codeigniter4/framework/system/View/View.php(210): include('...')
#2 /media/nirmala-std/CC52D50B52D4FB62/xampp/htdocs/veteran-cbt/vendor/codeigniter4/framework/system/View/View.php(213): CodeIgniter\View\View->CodeIgniter\View\{closure}()
#3 /media/nirmala-std/CC52D50B52D4FB62/xampp/htdocs/veteran-cbt/vendor/codeigniter4/framework/system/View/View.php(226): CodeIgniter\View\View->render()
#4 /media/nirmala-std/CC52D50B52D4FB62/xampp/htdocs/veteran-cbt/vendor/codeigniter4/framework/system/Common.php(1089): CodeIgniter\View\View->render()
#5 /media/nirmala-std/CC52D50B52D4FB62/xampp/htdocs/veteran-cbt/vendor/myth/auth/src/Controllers/AuthController.php(429): view()
#6 /media/nirmala-std/CC52D50B52D4FB62/xampp/htdocs/veteran-cbt/vendor/myth/auth/src/Controllers/AuthController.php(57): Myth\Auth\Controllers\AuthController->_render()
#7 /media/nirmala-std/CC52D50B52D4FB62/xampp/htdocs/veteran-cbt/vendor/codeigniter4/framework/system/CodeIgniter.php(832): Myth\Auth\Controllers\AuthController->login()
#8 /media/nirmala-std/CC52D50B52D4FB62/xampp/htdocs/veteran-cbt/vendor/codeigniter4/framework/system/CodeIgniter.php(419): CodeIgniter\CodeIgniter->runController()
#9 /media/nirmala-std/CC52D50B52D4FB62/xampp/htdocs/veteran-cbt/vendor/codeigniter4/framework/system/CodeIgniter.php(326): CodeIgniter\CodeIgniter->handleRequest()
#10 /media/nirmala-std/CC52D50B52D4FB62/xampp/htdocs/veteran-cbt/public/index.php(37): CodeIgniter\CodeIgniter->run()
#11 /media/nirmala-std/CC52D50B52D4FB62/xampp/htdocs/veteran-cbt/vendor/codeigniter4/framework/system/Commands/Server/rewrite.php(43): require_once('...')
#12 {main}
CRITICAL - 2022-06-02 01:29:56 --> Undefined variable $title
#0 /media/nirmala-std/CC52D50B52D4FB62/xampp/htdocs/veteran-cbt/app/Views/auth/template/index.php(12): CodeIgniter\Debug\Exceptions->errorHandler()
#1 /media/nirmala-std/CC52D50B52D4FB62/xampp/htdocs/veteran-cbt/vendor/codeigniter4/framework/system/View/View.php(210): include('...')
#2 /media/nirmala-std/CC52D50B52D4FB62/xampp/htdocs/veteran-cbt/vendor/codeigniter4/framework/system/View/View.php(213): CodeIgniter\View\View->CodeIgniter\View\{closure}()
#3 /media/nirmala-std/CC52D50B52D4FB62/xampp/htdocs/veteran-cbt/vendor/codeigniter4/framework/system/View/View.php(226): CodeIgniter\View\View->render()
#4 /media/nirmala-std/CC52D50B52D4FB62/xampp/htdocs/veteran-cbt/vendor/codeigniter4/framework/system/Common.php(1089): CodeIgniter\View\View->render()
#5 /media/nirmala-std/CC52D50B52D4FB62/xampp/htdocs/veteran-cbt/vendor/myth/auth/src/Controllers/AuthController.php(429): view()
#6 /media/nirmala-std/CC52D50B52D4FB62/xampp/htdocs/veteran-cbt/vendor/myth/auth/src/Controllers/AuthController.php(57): Myth\Auth\Controllers\AuthController->_render()
#7 /media/nirmala-std/CC52D50B52D4FB62/xampp/htdocs/veteran-cbt/vendor/codeigniter4/framework/system/CodeIgniter.php(832): Myth\Auth\Controllers\AuthController->login()
#8 /media/nirmala-std/CC52D50B52D4FB62/xampp/htdocs/veteran-cbt/vendor/codeigniter4/framework/system/CodeIgniter.php(419): CodeIgniter\CodeIgniter->runController()
#9 /media/nirmala-std/CC52D50B52D4FB62/xampp/htdocs/veteran-cbt/vendor/codeigniter4/framework/system/CodeIgniter.php(326): CodeIgniter\CodeIgniter->handleRequest()
#10 /media/nirmala-std/CC52D50B52D4FB62/xampp/htdocs/veteran-cbt/public/index.php(37): CodeIgniter\CodeIgniter->run()
#11 /media/nirmala-std/CC52D50B52D4FB62/xampp/htdocs/veteran-cbt/vendor/codeigniter4/framework/system/Commands/Server/rewrite.php(43): require_once('...')
#12 {main}
CRITICAL - 2022-06-02 01:31:12 --> Undefined variable $title
#0 /media/nirmala-std/CC52D50B52D4FB62/xampp/htdocs/veteran-cbt/app/Views/auth/template/index.php(12): CodeIgniter\Debug\Exceptions->errorHandler()
#1 /media/nirmala-std/CC52D50B52D4FB62/xampp/htdocs/veteran-cbt/vendor/codeigniter4/framework/system/View/View.php(210): include('...')
#2 /media/nirmala-std/CC52D50B52D4FB62/xampp/htdocs/veteran-cbt/vendor/codeigniter4/framework/system/View/View.php(213): CodeIgniter\View\View->CodeIgniter\View\{closure}()
#3 /media/nirmala-std/CC52D50B52D4FB62/xampp/htdocs/veteran-cbt/vendor/codeigniter4/framework/system/View/View.php(226): CodeIgniter\View\View->render()
#4 /media/nirmala-std/CC52D50B52D4FB62/xampp/htdocs/veteran-cbt/vendor/codeigniter4/framework/system/Common.php(1089): CodeIgniter\View\View->render()
#5 /media/nirmala-std/CC52D50B52D4FB62/xampp/htdocs/veteran-cbt/vendor/myth/auth/src/Controllers/AuthController.php(429): view()
#6 /media/nirmala-std/CC52D50B52D4FB62/xampp/htdocs/veteran-cbt/vendor/myth/auth/src/Controllers/AuthController.php(57): Myth\Auth\Controllers\AuthController->_render()
#7 /media/nirmala-std/CC52D50B52D4FB62/xampp/htdocs/veteran-cbt/vendor/codeigniter4/framework/system/CodeIgniter.php(832): Myth\Auth\Controllers\AuthController->login()
#8 /media/nirmala-std/CC52D50B52D4FB62/xampp/htdocs/veteran-cbt/vendor/codeigniter4/framework/system/CodeIgniter.php(419): CodeIgniter\CodeIgniter->runController()
#9 /media/nirmala-std/CC52D50B52D4FB62/xampp/htdocs/veteran-cbt/vendor/codeigniter4/framework/system/CodeIgniter.php(326): CodeIgniter\CodeIgniter->handleRequest()
#10 /media/nirmala-std/CC52D50B52D4FB62/xampp/htdocs/veteran-cbt/public/index.php(37): CodeIgniter\CodeIgniter->run()
#11 /media/nirmala-std/CC52D50B52D4FB62/xampp/htdocs/veteran-cbt/vendor/codeigniter4/framework/system/Commands/Server/rewrite.php(43): require_once('...')
#12 {main}
CRITICAL - 2022-06-02 01:31:21 --> Undefined variable $title
#0 /media/nirmala-std/CC52D50B52D4FB62/xampp/htdocs/veteran-cbt/app/Views/auth/template/index.php(12): CodeIgniter\Debug\Exceptions->errorHandler()
#1 /media/nirmala-std/CC52D50B52D4FB62/xampp/htdocs/veteran-cbt/vendor/codeigniter4/framework/system/View/View.php(210): include('...')
#2 /media/nirmala-std/CC52D50B52D4FB62/xampp/htdocs/veteran-cbt/vendor/codeigniter4/framework/system/View/View.php(213): CodeIgniter\View\View->CodeIgniter\View\{closure}()
#3 /media/nirmala-std/CC52D50B52D4FB62/xampp/htdocs/veteran-cbt/vendor/codeigniter4/framework/system/View/View.php(226): CodeIgniter\View\View->render()
#4 /media/nirmala-std/CC52D50B52D4FB62/xampp/htdocs/veteran-cbt/vendor/codeigniter4/framework/system/Common.php(1089): CodeIgniter\View\View->render()
#5 /media/nirmala-std/CC52D50B52D4FB62/xampp/htdocs/veteran-cbt/vendor/myth/auth/src/Controllers/AuthController.php(429): view()
#6 /media/nirmala-std/CC52D50B52D4FB62/xampp/htdocs/veteran-cbt/vendor/myth/auth/src/Controllers/AuthController.php(57): Myth\Auth\Controllers\AuthController->_render()
#7 /media/nirmala-std/CC52D50B52D4FB62/xampp/htdocs/veteran-cbt/vendor/codeigniter4/framework/system/CodeIgniter.php(832): Myth\Auth\Controllers\AuthController->login()
#8 /media/nirmala-std/CC52D50B52D4FB62/xampp/htdocs/veteran-cbt/vendor/codeigniter4/framework/system/CodeIgniter.php(419): CodeIgniter\CodeIgniter->runController()
#9 /media/nirmala-std/CC52D50B52D4FB62/xampp/htdocs/veteran-cbt/vendor/codeigniter4/framework/system/CodeIgniter.php(326): CodeIgniter\CodeIgniter->handleRequest()
#10 /media/nirmala-std/CC52D50B52D4FB62/xampp/htdocs/veteran-cbt/public/index.php(37): CodeIgniter\CodeIgniter->run()
#11 /media/nirmala-std/CC52D50B52D4FB62/xampp/htdocs/veteran-cbt/vendor/codeigniter4/framework/system/Commands/Server/rewrite.php(43): require_once('...')
#12 {main}
CRITICAL - 2022-06-02 02:03:21 --> Cannot declare class Myth\Auth\Filters\RoleFilter, because the name is already in use
#0 [internal function]: CodeIgniter\Debug\Exceptions->shutdownHandler()
#1 {main}
CRITICAL - 2022-06-02 02:26:41 --> Cannot redeclare App\Controllers\Admin::guru()
#0 [internal function]: CodeIgniter\Debug\Exceptions->shutdownHandler()
#1 {main}
CRITICAL - 2022-06-02 02:26:43 --> Cannot redeclare App\Controllers\Admin::guru()
#0 [internal function]: CodeIgniter\Debug\Exceptions->shutdownHandler()
#1 {main}
CRITICAL - 2022-06-02 02:26:50 --> Cannot redeclare App\Controllers\Admin::guru()
#0 [internal function]: CodeIgniter\Debug\Exceptions->shutdownHandler()
#1 {main}
CRITICAL - 2022-06-02 02:57:27 --> Cannot declare class Myth\Auth\Filters\RoleFilter, because the name is already in use
#0 [internal function]: CodeIgniter\Debug\Exceptions->shutdownHandler()
#1 {main}
CRITICAL - 2022-06-02 03:22:55 --> Cannot declare class Myth\Auth\Filters\RoleFilter, because the name is already in use
#0 [internal function]: CodeIgniter\Debug\Exceptions->shutdownHandler()
#1 {main}
CRITICAL - 2022-06-02 03:34:52 --> Invalid file: admin/.php
#0 /media/nirmala-std/CC52D50B52D4FB62/xampp/htdocs/veteran-cbt/vendor/codeigniter4/framework/system/View/View.php(198): CodeIgniter\Exceptions\FrameworkException::forInvalidFile()
#1 /media/nirmala-std/CC52D50B52D4FB62/xampp/htdocs/veteran-cbt/vendor/codeigniter4/framework/system/Common.php(1089): CodeIgniter\View\View->render()
#2 /media/nirmala-std/CC52D50B52D4FB62/xampp/htdocs/veteran-cbt/app/Controllers/Admin.php(41): view()
#3 /media/nirmala-std/CC52D50B52D4FB62/xampp/htdocs/veteran-cbt/vendor/codeigniter4/framework/system/CodeIgniter.php(832): App\Controllers\Admin->jurusan()
#4 /media/nirmala-std/CC52D50B52D4FB62/xampp/htdocs/veteran-cbt/vendor/codeigniter4/framework/system/CodeIgniter.php(419): CodeIgniter\CodeIgniter->runController()
#5 /media/nirmala-std/CC52D50B52D4FB62/xampp/htdocs/veteran-cbt/vendor/codeigniter4/framework/system/CodeIgniter.php(326): CodeIgniter\CodeIgniter->handleRequest()
#6 /media/nirmala-std/CC52D50B52D4FB62/xampp/htdocs/veteran-cbt/public/index.php(37): CodeIgniter\CodeIgniter->run()
#7 /media/nirmala-std/CC52D50B52D4FB62/xampp/htdocs/veteran-cbt/vendor/codeigniter4/framework/system/Commands/Server/rewrite.php(43): require_once('...')
#8 {main}
CRITICAL - 2022-06-02 03:35:09 --> Invalid file: admin/.php
#0 /media/nirmala-std/CC52D50B52D4FB62/xampp/htdocs/veteran-cbt/vendor/codeigniter4/framework/system/View/View.php(198): CodeIgniter\Exceptions\FrameworkException::forInvalidFile()
#1 /media/nirmala-std/CC52D50B52D4FB62/xampp/htdocs/veteran-cbt/vendor/codeigniter4/framework/system/Common.php(1089): CodeIgniter\View\View->render()
#2 /media/nirmala-std/CC52D50B52D4FB62/xampp/htdocs/veteran-cbt/app/Controllers/Admin.php(41): view()
#3 /media/nirmala-std/CC52D50B52D4FB62/xampp/htdocs/veteran-cbt/vendor/codeigniter4/framework/system/CodeIgniter.php(832): App\Controllers\Admin->jurusan()
#4 /media/nirmala-std/CC52D50B52D4FB62/xampp/htdocs/veteran-cbt/vendor/codeigniter4/framework/system/CodeIgniter.php(419): CodeIgniter\CodeIgniter->runController()
#5 /media/nirmala-std/CC52D50B52D4FB62/xampp/htdocs/veteran-cbt/vendor/codeigniter4/framework/system/CodeIgniter.php(326): CodeIgniter\CodeIgniter->handleRequest()
#6 /media/nirmala-std/CC52D50B52D4FB62/xampp/htdocs/veteran-cbt/public/index.php(37): CodeIgniter\CodeIgniter->run()
#7 /media/nirmala-std/CC52D50B52D4FB62/xampp/htdocs/veteran-cbt/vendor/codeigniter4/framework/system/Commands/Server/rewrite.php(43): require_once('...')
#8 {main}
CRITICAL - 2022-06-02 03:35:58 --> Invalid file: admin/.php
#0 /media/nirmala-std/CC52D50B52D4FB62/xampp/htdocs/veteran-cbt/vendor/codeigniter4/framework/system/View/View.php(198): CodeIgniter\Exceptions\FrameworkException::forInvalidFile()
#1 /media/nirmala-std/CC52D50B52D4FB62/xampp/htdocs/veteran-cbt/vendor/codeigniter4/framework/system/Common.php(1089): CodeIgniter\View\View->render()
#2 /media/nirmala-std/CC52D50B52D4FB62/xampp/htdocs/veteran-cbt/app/Controllers/Admin.php(41): view()
#3 /media/nirmala-std/CC52D50B52D4FB62/xampp/htdocs/veteran-cbt/vendor/codeigniter4/framework/system/CodeIgniter.php(832): App\Controllers\Admin->jurusan()
#4 /media/nirmala-std/CC52D50B52D4FB62/xampp/htdocs/veteran-cbt/vendor/codeigniter4/framework/system/CodeIgniter.php(419): CodeIgniter\CodeIgniter->runController()
#5 /media/nirmala-std/CC52D50B52D4FB62/xampp/htdocs/veteran-cbt/vendor/codeigniter4/framework/system/CodeIgniter.php(326): CodeIgniter\CodeIgniter->handleRequest()
#6 /media/nirmala-std/CC52D50B52D4FB62/xampp/htdocs/veteran-cbt/public/index.php(37): CodeIgniter\CodeIgniter->run()
#7 /media/nirmala-std/CC52D50B52D4FB62/xampp/htdocs/veteran-cbt/vendor/codeigniter4/framework/system/Commands/Server/rewrite.php(43): require_once('...')
#8 {main}
CRITICAL - 2022-06-02 03:43:37 --> Invalid file: admin/guru_kelas.php
#0 /media/nirmala-std/CC52D50B52D4FB62/xampp/htdocs/veteran-cbt/vendor/codeigniter4/framework/system/View/View.php(198): CodeIgniter\Exceptions\FrameworkException::forInvalidFile()
#1 /media/nirmala-std/CC52D50B52D4FB62/xampp/htdocs/veteran-cbt/vendor/codeigniter4/framework/system/Common.php(1089): CodeIgniter\View\View->render()
#2 /media/nirmala-std/CC52D50B52D4FB62/xampp/htdocs/veteran-cbt/app/Controllers/Admin.php(47): view()
#3 /media/nirmala-std/CC52D50B52D4FB62/xampp/htdocs/veteran-cbt/vendor/codeigniter4/framework/system/CodeIgniter.php(832): App\Controllers\Admin->guru_kelas()
#4 /media/nirmala-std/CC52D50B52D4FB62/xampp/htdocs/veteran-cbt/vendor/codeigniter4/framework/system/CodeIgniter.php(419): CodeIgniter\CodeIgniter->runController()
#5 /media/nirmala-std/CC52D50B52D4FB62/xampp/htdocs/veteran-cbt/vendor/codeigniter4/framework/system/CodeIgniter.php(326): CodeIgniter\CodeIgniter->handleRequest()
#6 /media/nirmala-std/CC52D50B52D4FB62/xampp/htdocs/veteran-cbt/public/index.php(37): CodeIgniter\CodeIgniter->run()
#7 /media/nirmala-std/CC52D50B52D4FB62/xampp/htdocs/veteran-cbt/vendor/codeigniter4/framework/system/Commands/Server/rewrite.php(43): require_once('...')
#8 {main}
CRITICAL - 2022-06-02 03:44:23 --> Invalid file: admin/guru_kelas.php
#0 /media/nirmala-std/CC52D50B52D4FB62/xampp/htdocs/veteran-cbt/vendor/codeigniter4/framework/system/View/View.php(198): CodeIgniter\Exceptions\FrameworkException::forInvalidFile()
#1 /media/nirmala-std/CC52D50B52D4FB62/xampp/htdocs/veteran-cbt/vendor/codeigniter4/framework/system/Common.php(1089): CodeIgniter\View\View->render()
#2 /media/nirmala-std/CC52D50B52D4FB62/xampp/htdocs/veteran-cbt/app/Controllers/Admin.php(47): view()
#3 /media/nirmala-std/CC52D50B52D4FB62/xampp/htdocs/veteran-cbt/vendor/codeigniter4/framework/system/CodeIgniter.php(832): App\Controllers\Admin->guru_kelas()
#4 /media/nirmala-std/CC52D50B52D4FB62/xampp/htdocs/veteran-cbt/vendor/codeigniter4/framework/system/CodeIgniter.php(419): CodeIgniter\CodeIgniter->runController()
#5 /media/nirmala-std/CC52D50B52D4FB62/xampp/htdocs/veteran-cbt/vendor/codeigniter4/framework/system/CodeIgniter.php(326): CodeIgniter\CodeIgniter->handleRequest()
#6 /media/nirmala-std/CC52D50B52D4FB62/xampp/htdocs/veteran-cbt/public/index.php(37): CodeIgniter\CodeIgniter->run()
#7 /media/nirmala-std/CC52D50B52D4FB62/xampp/htdocs/veteran-cbt/vendor/codeigniter4/framework/system/Commands/Server/rewrite.php(43): require_once('...')
#8 {main}
CRITICAL - 2022-06-02 03:45:30 --> Invalid file: admin/guru_kelas.php
#0 /media/nirmala-std/CC52D50B52D4FB62/xampp/htdocs/veteran-cbt/vendor/codeigniter4/framework/system/View/View.php(198): CodeIgniter\Exceptions\FrameworkException::forInvalidFile()
#1 /media/nirmala-std/CC52D50B52D4FB62/xampp/htdocs/veteran-cbt/vendor/codeigniter4/framework/system/Common.php(1089): CodeIgniter\View\View->render()
#2 /media/nirmala-std/CC52D50B52D4FB62/xampp/htdocs/veteran-cbt/app/Controllers/Admin.php(47): view()
#3 /media/nirmala-std/CC52D50B52D4FB62/xampp/htdocs/veteran-cbt/vendor/codeigniter4/framework/system/CodeIgniter.php(832): App\Controllers\Admin->guru_kelas()
#4 /media/nirmala-std/CC52D50B52D4FB62/xampp/htdocs/veteran-cbt/vendor/codeigniter4/framework/system/CodeIgniter.php(419): CodeIgniter\CodeIgniter->runController()
#5 /media/nirmala-std/CC52D50B52D4FB62/xampp/htdocs/veteran-cbt/vendor/codeigniter4/framework/system/CodeIgniter.php(326): CodeIgniter\CodeIgniter->handleRequest()
#6 /media/nirmala-std/CC52D50B52D4FB62/xampp/htdocs/veteran-cbt/public/index.php(37): CodeIgniter\CodeIgniter->run()
#7 /media/nirmala-std/CC52D50B52D4FB62/xampp/htdocs/veteran-cbt/vendor/codeigniter4/framework/system/Commands/Server/rewrite.php(43): require_once('...')
#8 {main}
CRITICAL - 2022-06-02 03:45:34 --> Invalid file: admin/guru_kelas.php
#0 /media/nirmala-std/CC52D50B52D4FB62/xampp/htdocs/veteran-cbt/vendor/codeigniter4/framework/system/View/View.php(198): CodeIgniter\Exceptions\FrameworkException::forInvalidFile()
#1 /media/nirmala-std/CC52D50B52D4FB62/xampp/htdocs/veteran-cbt/vendor/codeigniter4/framework/system/Common.php(1089): CodeIgniter\View\View->render()
#2 /media/nirmala-std/CC52D50B52D4FB62/xampp/htdocs/veteran-cbt/app/Controllers/Admin.php(47): view()
#3 /media/nirmala-std/CC52D50B52D4FB62/xampp/htdocs/veteran-cbt/vendor/codeigniter4/framework/system/CodeIgniter.php(832): App\Controllers\Admin->guru_kelas()
#4 /media/nirmala-std/CC52D50B52D4FB62/xampp/htdocs/veteran-cbt/vendor/codeigniter4/framework/system/CodeIgniter.php(419): CodeIgniter\CodeIgniter->runController()
#5 /media/nirmala-std/CC52D50B52D4FB62/xampp/htdocs/veteran-cbt/vendor/codeigniter4/framework/system/CodeIgniter.php(326): CodeIgniter\CodeIgniter->handleRequest()
#6 /media/nirmala-std/CC52D50B52D4FB62/xampp/htdocs/veteran-cbt/public/index.php(37): CodeIgniter\CodeIgniter->run()
#7 /media/nirmala-std/CC52D50B52D4FB62/xampp/htdocs/veteran-cbt/vendor/codeigniter4/framework/system/Commands/Server/rewrite.php(43): require_once('...')
#8 {main}
CRITICAL - 2022-06-02 03:46:27 --> Invalid file: admin/guru_kelas.php
#0 /media/nirmala-std/CC52D50B52D4FB62/xampp/htdocs/veteran-cbt/vendor/codeigniter4/framework/system/View/View.php(198): CodeIgniter\Exceptions\FrameworkException::forInvalidFile()
#1 /media/nirmala-std/CC52D50B52D4FB62/xampp/htdocs/veteran-cbt/vendor/codeigniter4/framework/system/Common.php(1089): CodeIgniter\View\View->render()
#2 /media/nirmala-std/CC52D50B52D4FB62/xampp/htdocs/veteran-cbt/app/Controllers/Admin.php(47): view()
#3 /media/nirmala-std/CC52D50B52D4FB62/xampp/htdocs/veteran-cbt/vendor/codeigniter4/framework/system/CodeIgniter.php(832): App\Controllers\Admin->guru_kelas()
#4 /media/nirmala-std/CC52D50B52D4FB62/xampp/htdocs/veteran-cbt/vendor/codeigniter4/framework/system/CodeIgniter.php(419): CodeIgniter\CodeIgniter->runController()
#5 /media/nirmala-std/CC52D50B52D4FB62/xampp/htdocs/veteran-cbt/vendor/codeigniter4/framework/system/CodeIgniter.php(326): CodeIgniter\CodeIgniter->handleRequest()
#6 /media/nirmala-std/CC52D50B52D4FB62/xampp/htdocs/veteran-cbt/public/index.php(37): CodeIgniter\CodeIgniter->run()
#7 /media/nirmala-std/CC52D50B52D4FB62/xampp/htdocs/veteran-cbt/vendor/codeigniter4/framework/system/Commands/Server/rewrite.php(43): require_once('...')
#8 {main}
CRITICAL - 2022-06-02 03:47:26 --> Invalid file: admin/guru_kelas.php
#0 /media/nirmala-std/CC52D50B52D4FB62/xampp/htdocs/veteran-cbt/vendor/codeigniter4/framework/system/View/View.php(198): CodeIgniter\Exceptions\FrameworkException::forInvalidFile()
#1 /media/nirmala-std/CC52D50B52D4FB62/xampp/htdocs/veteran-cbt/vendor/codeigniter4/framework/system/Common.php(1089): CodeIgniter\View\View->render()
#2 /media/nirmala-std/CC52D50B52D4FB62/xampp/htdocs/veteran-cbt/app/Controllers/Admin.php(47): view()
#3 /media/nirmala-std/CC52D50B52D4FB62/xampp/htdocs/veteran-cbt/vendor/codeigniter4/framework/system/CodeIgniter.php(832): App\Controllers\Admin->guru_kelas()
#4 /media/nirmala-std/CC52D50B52D4FB62/xampp/htdocs/veteran-cbt/vendor/codeigniter4/framework/system/CodeIgniter.php(419): CodeIgniter\CodeIgniter->runController()
#5 /media/nirmala-std/CC52D50B52D4FB62/xampp/htdocs/veteran-cbt/vendor/codeigniter4/framework/system/CodeIgniter.php(326): CodeIgniter\CodeIgniter->handleRequest()
#6 /media/nirmala-std/CC52D50B52D4FB62/xampp/htdocs/veteran-cbt/public/index.php(37): CodeIgniter\CodeIgniter->run()
#7 /media/nirmala-std/CC52D50B52D4FB62/xampp/htdocs/veteran-cbt/vendor/codeigniter4/framework/system/Commands/Server/rewrite.php(43): require_once('...')
#8 {main}
CRITICAL - 2022-06-02 03:50:08 --> Cannot declare class Myth\Auth\Filters\RoleFilter, because the name is already in use
#0 [internal function]: CodeIgniter\Debug\Exceptions->shutdownHandler()
#1 {main}
CRITICAL - 2022-06-02 04:46:32 --> Cannot declare class Myth\Auth\Filters\RoleFilter, because the name is already in use
#0 [internal function]: CodeIgniter\Debug\Exceptions->shutdownHandler()
#1 {main}
CRITICAL - 2022-06-02 04:46:54 --> Cannot declare class Myth\Auth\Filters\RoleFilter, because the name is already in use
#0 [internal function]: CodeIgniter\Debug\Exceptions->shutdownHandler()
#1 {main}
CRITICAL - 2022-06-02 11:40:35 --> Undefined variable $title
#0 /media/nirmala-std/CC52D50B52D4FB62/xampp/htdocs/veteran-cbt/app/Views/auth/template/index.php(12): CodeIgniter\Debug\Exceptions->errorHandler()
#1 /media/nirmala-std/CC52D50B52D4FB62/xampp/htdocs/veteran-cbt/vendor/codeigniter4/framework/system/View/View.php(210): include('...')
#2 /media/nirmala-std/CC52D50B52D4FB62/xampp/htdocs/veteran-cbt/vendor/codeigniter4/framework/system/View/View.php(213): CodeIgniter\View\View->CodeIgniter\View\{closure}()
#3 /media/nirmala-std/CC52D50B52D4FB62/xampp/htdocs/veteran-cbt/vendor/codeigniter4/framework/system/View/View.php(226): CodeIgniter\View\View->render()
#4 /media/nirmala-std/CC52D50B52D4FB62/xampp/htdocs/veteran-cbt/vendor/codeigniter4/framework/system/Common.php(1089): CodeIgniter\View\View->render()
#5 /media/nirmala-std/CC52D50B52D4FB62/xampp/htdocs/veteran-cbt/vendor/myth/auth/src/Controllers/AuthController.php(429): view()
#6 /media/nirmala-std/CC52D50B52D4FB62/xampp/htdocs/veteran-cbt/vendor/myth/auth/src/Controllers/AuthController.php(57): Myth\Auth\Controllers\AuthController->_render()
#7 /media/nirmala-std/CC52D50B52D4FB62/xampp/htdocs/veteran-cbt/vendor/codeigniter4/framework/system/CodeIgniter.php(832): Myth\Auth\Controllers\AuthController->login()
#8 /media/nirmala-std/CC52D50B52D4FB62/xampp/htdocs/veteran-cbt/vendor/codeigniter4/framework/system/CodeIgniter.php(419): CodeIgniter\CodeIgniter->runController()
#9 /media/nirmala-std/CC52D50B52D4FB62/xampp/htdocs/veteran-cbt/vendor/codeigniter4/framework/system/CodeIgniter.php(326): CodeIgniter\CodeIgniter->handleRequest()
#10 /media/nirmala-std/CC52D50B52D4FB62/xampp/htdocs/veteran-cbt/public/index.php(37): CodeIgniter\CodeIgniter->run()
#11 /media/nirmala-std/CC52D50B52D4FB62/xampp/htdocs/veteran-cbt/vendor/codeigniter4/framework/system/Commands/Server/rewrite.php(43): require_once('...')
#12 {main}
CRITICAL - 2022-06-02 11:41:12 --> Undefined variable $title
#0 /media/nirmala-std/CC52D50B52D4FB62/xampp/htdocs/veteran-cbt/app/Views/auth/template/index.php(12): CodeIgniter\Debug\Exceptions->errorHandler()
#1 /media/nirmala-std/CC52D50B52D4FB62/xampp/htdocs/veteran-cbt/vendor/codeigniter4/framework/system/View/View.php(210): include('...')
#2 /media/nirmala-std/CC52D50B52D4FB62/xampp/htdocs/veteran-cbt/vendor/codeigniter4/framework/system/View/View.php(213): CodeIgniter\View\View->CodeIgniter\View\{closure}()
#3 /media/nirmala-std/CC52D50B52D4FB62/xampp/htdocs/veteran-cbt/vendor/codeigniter4/framework/system/View/View.php(226): CodeIgniter\View\View->render()
#4 /media/nirmala-std/CC52D50B52D4FB62/xampp/htdocs/veteran-cbt/vendor/codeigniter4/framework/system/Common.php(1089): CodeIgniter\View\View->render()
#5 /media/nirmala-std/CC52D50B52D4FB62/xampp/htdocs/veteran-cbt/vendor/myth/auth/src/Controllers/AuthController.php(429): view()
#6 /media/nirmala-std/CC52D50B52D4FB62/xampp/htdocs/veteran-cbt/vendor/myth/auth/src/Controllers/AuthController.php(57): Myth\Auth\Controllers\AuthController->_render()
#7 /media/nirmala-std/CC52D50B52D4FB62/xampp/htdocs/veteran-cbt/vendor/codeigniter4/framework/system/CodeIgniter.php(832): Myth\Auth\Controllers\AuthController->login()
#8 /media/nirmala-std/CC52D50B52D4FB62/xampp/htdocs/veteran-cbt/vendor/codeigniter4/framework/system/CodeIgniter.php(419): CodeIgniter\CodeIgniter->runController()
#9 /media/nirmala-std/CC52D50B52D4FB62/xampp/htdocs/veteran-cbt/vendor/codeigniter4/framework/system/CodeIgniter.php(326): CodeIgniter\CodeIgniter->handleRequest()
#10 /media/nirmala-std/CC52D50B52D4FB62/xampp/htdocs/veteran-cbt/public/index.php(37): CodeIgniter\CodeIgniter->run()
#11 /media/nirmala-std/CC52D50B52D4FB62/xampp/htdocs/veteran-cbt/vendor/codeigniter4/framework/system/Commands/Server/rewrite.php(43): require_once('...')
#12 {main}
CRITICAL - 2022-06-02 11:41:15 --> Undefined variable $title
#0 /media/nirmala-std/CC52D50B52D4FB62/xampp/htdocs/veteran-cbt/app/Views/auth/template/index.php(12): CodeIgniter\Debug\Exceptions->errorHandler()
#1 /media/nirmala-std/CC52D50B52D4FB62/xampp/htdocs/veteran-cbt/vendor/codeigniter4/framework/system/View/View.php(210): include('...')
#2 /media/nirmala-std/CC52D50B52D4FB62/xampp/htdocs/veteran-cbt/vendor/codeigniter4/framework/system/View/View.php(213): CodeIgniter\View\View->CodeIgniter\View\{closure}()
#3 /media/nirmala-std/CC52D50B52D4FB62/xampp/htdocs/veteran-cbt/vendor/codeigniter4/framework/system/View/View.php(226): CodeIgniter\View\View->render()
#4 /media/nirmala-std/CC52D50B52D4FB62/xampp/htdocs/veteran-cbt/vendor/codeigniter4/framework/system/Common.php(1089): CodeIgniter\View\View->render()
#5 /media/nirmala-std/CC52D50B52D4FB62/xampp/htdocs/veteran-cbt/vendor/myth/auth/src/Controllers/AuthController.php(429): view()
#6 /media/nirmala-std/CC52D50B52D4FB62/xampp/htdocs/veteran-cbt/vendor/myth/auth/src/Controllers/AuthController.php(57): Myth\Auth\Controllers\AuthController->_render()
#7 /media/nirmala-std/CC52D50B52D4FB62/xampp/htdocs/veteran-cbt/vendor/codeigniter4/framework/system/CodeIgniter.php(832): Myth\Auth\Controllers\AuthController->login()
#8 /media/nirmala-std/CC52D50B52D4FB62/xampp/htdocs/veteran-cbt/vendor/codeigniter4/framework/system/CodeIgniter.php(419): CodeIgniter\CodeIgniter->runController()
#9 /media/nirmala-std/CC52D50B52D4FB62/xampp/htdocs/veteran-cbt/vendor/codeigniter4/framework/system/CodeIgniter.php(326): CodeIgniter\CodeIgniter->handleRequest()
#10 /media/nirmala-std/CC52D50B52D4FB62/xampp/htdocs/veteran-cbt/public/index.php(37): CodeIgniter\CodeIgniter->run()
#11 /media/nirmala-std/CC52D50B52D4FB62/xampp/htdocs/veteran-cbt/vendor/codeigniter4/framework/system/Commands/Server/rewrite.php(43): require_once('...')
#12 {main}
CRITICAL - 2022-06-02 11:42:44 --> Undefined variable $title
#0 /media/nirmala-std/CC52D50B52D4FB62/xampp/htdocs/veteran-cbt/app/Views/auth/template/index.php(12): CodeIgniter\Debug\Exceptions->errorHandler()
#1 /media/nirmala-std/CC52D50B52D4FB62/xampp/htdocs/veteran-cbt/vendor/codeigniter4/framework/system/View/View.php(210): include('...')
#2 /media/nirmala-std/CC52D50B52D4FB62/xampp/htdocs/veteran-cbt/vendor/codeigniter4/framework/system/View/View.php(213): CodeIgniter\View\View->CodeIgniter\View\{closure}()
#3 /media/nirmala-std/CC52D50B52D4FB62/xampp/htdocs/veteran-cbt/vendor/codeigniter4/framework/system/View/View.php(226): CodeIgniter\View\View->render()
#4 /media/nirmala-std/CC52D50B52D4FB62/xampp/htdocs/veteran-cbt/vendor/codeigniter4/framework/system/Common.php(1089): CodeIgniter\View\View->render()
#5 /media/nirmala-std/CC52D50B52D4FB62/xampp/htdocs/veteran-cbt/vendor/myth/auth/src/Controllers/AuthController.php(429): view()
#6 /media/nirmala-std/CC52D50B52D4FB62/xampp/htdocs/veteran-cbt/vendor/myth/auth/src/Controllers/AuthController.php(57): Myth\Auth\Controllers\AuthController->_render()
#7 /media/nirmala-std/CC52D50B52D4FB62/xampp/htdocs/veteran-cbt/vendor/codeigniter4/framework/system/CodeIgniter.php(832): Myth\Auth\Controllers\AuthController->login()
#8 /media/nirmala-std/CC52D50B52D4FB62/xampp/htdocs/veteran-cbt/vendor/codeigniter4/framework/system/CodeIgniter.php(419): CodeIgniter\CodeIgniter->runController()
#9 /media/nirmala-std/CC52D50B52D4FB62/xampp/htdocs/veteran-cbt/vendor/codeigniter4/framework/system/CodeIgniter.php(326): CodeIgniter\CodeIgniter->handleRequest()
#10 /media/nirmala-std/CC52D50B52D4FB62/xampp/htdocs/veteran-cbt/public/index.php(37): CodeIgniter\CodeIgniter->run()
#11 /media/nirmala-std/CC52D50B52D4FB62/xampp/htdocs/veteran-cbt/vendor/codeigniter4/framework/system/Commands/Server/rewrite.php(43): require_once('...')
#12 {main}
CRITICAL - 2022-06-02 11:43:04 --> Undefined variable $title
#0 /media/nirmala-std/CC52D50B52D4FB62/xampp/htdocs/veteran-cbt/app/Views/auth/template/index.php(12): CodeIgniter\Debug\Exceptions->errorHandler()
#1 /media/nirmala-std/CC52D50B52D4FB62/xampp/htdocs/veteran-cbt/vendor/codeigniter4/framework/system/View/View.php(210): include('...')
#2 /media/nirmala-std/CC52D50B52D4FB62/xampp/htdocs/veteran-cbt/vendor/codeigniter4/framework/system/View/View.php(213): CodeIgniter\View\View->CodeIgniter\View\{closure}()
#3 /media/nirmala-std/CC52D50B52D4FB62/xampp/htdocs/veteran-cbt/vendor/codeigniter4/framework/system/View/View.php(226): CodeIgniter\View\View->render()
#4 /media/nirmala-std/CC52D50B52D4FB62/xampp/htdocs/veteran-cbt/vendor/codeigniter4/framework/system/Common.php(1089): CodeIgniter\View\View->render()
#5 /media/nirmala-std/CC52D50B52D4FB62/xampp/htdocs/veteran-cbt/vendor/myth/auth/src/Controllers/AuthController.php(429): view()
#6 /media/nirmala-std/CC52D50B52D4FB62/xampp/htdocs/veteran-cbt/vendor/myth/auth/src/Controllers/AuthController.php(57): Myth\Auth\Controllers\AuthController->_render()
#7 /media/nirmala-std/CC52D50B52D4FB62/xampp/htdocs/veteran-cbt/vendor/codeigniter4/framework/system/CodeIgniter.php(832): Myth\Auth\Controllers\AuthController->login()
#8 /media/nirmala-std/CC52D50B52D4FB62/xampp/htdocs/veteran-cbt/vendor/codeigniter4/framework/system/CodeIgniter.php(419): CodeIgniter\CodeIgniter->runController()
#9 /media/nirmala-std/CC52D50B52D4FB62/xampp/htdocs/veteran-cbt/vendor/codeigniter4/framework/system/CodeIgniter.php(326): CodeIgniter\CodeIgniter->handleRequest()
#10 /media/nirmala-std/CC52D50B52D4FB62/xampp/htdocs/veteran-cbt/public/index.php(37): CodeIgniter\CodeIgniter->run()
#11 /media/nirmala-std/CC52D50B52D4FB62/xampp/htdocs/veteran-cbt/vendor/codeigniter4/framework/system/Commands/Server/rewrite.php(43): require_once('...')
#12 {main}
CRITICAL - 2022-06-02 11:43:05 --> Undefined variable $title
#0 /media/nirmala-std/CC52D50B52D4FB62/xampp/htdocs/veteran-cbt/app/Views/auth/template/index.php(12): CodeIgniter\Debug\Exceptions->errorHandler()
#1 /media/nirmala-std/CC52D50B52D4FB62/xampp/htdocs/veteran-cbt/vendor/codeigniter4/framework/system/View/View.php(210): include('...')
#2 /media/nirmala-std/CC52D50B52D4FB62/xampp/htdocs/veteran-cbt/vendor/codeigniter4/framework/system/View/View.php(213): CodeIgniter\View\View->CodeIgniter\View\{closure}()
#3 /media/nirmala-std/CC52D50B52D4FB62/xampp/htdocs/veteran-cbt/vendor/codeigniter4/framework/system/View/View.php(226): CodeIgniter\View\View->render()
#4 /media/nirmala-std/CC52D50B52D4FB62/xampp/htdocs/veteran-cbt/vendor/codeigniter4/framework/system/Common.php(1089): CodeIgniter\View\View->render()
#5 /media/nirmala-std/CC52D50B52D4FB62/xampp/htdocs/veteran-cbt/vendor/myth/auth/src/Controllers/AuthController.php(429): view()
#6 /media/nirmala-std/CC52D50B52D4FB62/xampp/htdocs/veteran-cbt/vendor/myth/auth/src/Controllers/AuthController.php(57): Myth\Auth\Controllers\AuthController->_render()
#7 /media/nirmala-std/CC52D50B52D4FB62/xampp/htdocs/veteran-cbt/vendor/codeigniter4/framework/system/CodeIgniter.php(832): Myth\Auth\Controllers\AuthController->login()
#8 /media/nirmala-std/CC52D50B52D4FB62/xampp/htdocs/veteran-cbt/vendor/codeigniter4/framework/system/CodeIgniter.php(419): CodeIgniter\CodeIgniter->runController()
#9 /media/nirmala-std/CC52D50B52D4FB62/xampp/htdocs/veteran-cbt/vendor/codeigniter4/framework/system/CodeIgniter.php(326): CodeIgniter\CodeIgniter->handleRequest()
#10 /media/nirmala-std/CC52D50B52D4FB62/xampp/htdocs/veteran-cbt/public/index.php(37): CodeIgniter\CodeIgniter->run()
#11 /media/nirmala-std/CC52D50B52D4FB62/xampp/htdocs/veteran-cbt/vendor/codeigniter4/framework/system/Commands/Server/rewrite.php(43): require_once('...')
#12 {main}
CRITICAL - 2022-06-02 11:43:05 --> Undefined variable $title
#0 /media/nirmala-std/CC52D50B52D4FB62/xampp/htdocs/veteran-cbt/app/Views/auth/template/index.php(12): CodeIgniter\Debug\Exceptions->errorHandler()
#1 /media/nirmala-std/CC52D50B52D4FB62/xampp/htdocs/veteran-cbt/vendor/codeigniter4/framework/system/View/View.php(210): include('...')
#2 /media/nirmala-std/CC52D50B52D4FB62/xampp/htdocs/veteran-cbt/vendor/codeigniter4/framework/system/View/View.php(213): CodeIgniter\View\View->CodeIgniter\View\{closure}()
#3 /media/nirmala-std/CC52D50B52D4FB62/xampp/htdocs/veteran-cbt/vendor/codeigniter4/framework/system/View/View.php(226): CodeIgniter\View\View->render()
#4 /media/nirmala-std/CC52D50B52D4FB62/xampp/htdocs/veteran-cbt/vendor/codeigniter4/framework/system/Common.php(1089): CodeIgniter\View\View->render()
#5 /media/nirmala-std/CC52D50B52D4FB62/xampp/htdocs/veteran-cbt/vendor/myth/auth/src/Controllers/AuthController.php(429): view()
#6 /media/nirmala-std/CC52D50B52D4FB62/xampp/htdocs/veteran-cbt/vendor/myth/auth/src/Controllers/AuthController.php(57): Myth\Auth\Controllers\AuthController->_render()
#7 /media/nirmala-std/CC52D50B52D4FB62/xampp/htdocs/veteran-cbt/vendor/codeigniter4/framework/system/CodeIgniter.php(832): Myth\Auth\Controllers\AuthController->login()
#8 /media/nirmala-std/CC52D50B52D4FB62/xampp/htdocs/veteran-cbt/vendor/codeigniter4/framework/system/CodeIgniter.php(419): CodeIgniter\CodeIgniter->runController()
#9 /media/nirmala-std/CC52D50B52D4FB62/xampp/htdocs/veteran-cbt/vendor/codeigniter4/framework/system/CodeIgniter.php(326): CodeIgniter\CodeIgniter->handleRequest()
#10 /media/nirmala-std/CC52D50B52D4FB62/xampp/htdocs/veteran-cbt/public/index.php(37): CodeIgniter\CodeIgniter->run()
#11 /media/nirmala-std/CC52D50B52D4FB62/xampp/htdocs/veteran-cbt/vendor/codeigniter4/framework/system/Commands/Server/rewrite.php(43): require_once('...')
#12 {main}
CRITICAL - 2022-06-02 11:43:05 --> Undefined variable $title
#0 /media/nirmala-std/CC52D50B52D4FB62/xampp/htdocs/veteran-cbt/app/Views/auth/template/index.php(12): CodeIgniter\Debug\Exceptions->errorHandler()
#1 /media/nirmala-std/CC52D50B52D4FB62/xampp/htdocs/veteran-cbt/vendor/codeigniter4/framework/system/View/View.php(210): include('...')
#2 /media/nirmala-std/CC52D50B52D4FB62/xampp/htdocs/veteran-cbt/vendor/codeigniter4/framework/system/View/View.php(213): CodeIgniter\View\View->CodeIgniter\View\{closure}()
#3 /media/nirmala-std/CC52D50B52D4FB62/xampp/htdocs/veteran-cbt/vendor/codeigniter4/framework/system/View/View.php(226): CodeIgniter\View\View->render()
#4 /media/nirmala-std/CC52D50B52D4FB62/xampp/htdocs/veteran-cbt/vendor/codeigniter4/framework/system/Common.php(1089): CodeIgniter\View\View->render()
#5 /media/nirmala-std/CC52D50B52D4FB62/xampp/htdocs/veteran-cbt/vendor/myth/auth/src/Controllers/AuthController.php(429): view()
#6 /media/nirmala-std/CC52D50B52D4FB62/xampp/htdocs/veteran-cbt/vendor/myth/auth/src/Controllers/AuthController.php(57): Myth\Auth\Controllers\AuthController->_render()
#7 /media/nirmala-std/CC52D50B52D4FB62/xampp/htdocs/veteran-cbt/vendor/codeigniter4/framework/system/CodeIgniter.php(832): Myth\Auth\Controllers\AuthController->login()
#8 /media/nirmala-std/CC52D50B52D4FB62/xampp/htdocs/veteran-cbt/vendor/codeigniter4/framework/system/CodeIgniter.php(419): CodeIgniter\CodeIgniter->runController()
#9 /media/nirmala-std/CC52D50B52D4FB62/xampp/htdocs/veteran-cbt/vendor/codeigniter4/framework/system/CodeIgniter.php(326): CodeIgniter\CodeIgniter->handleRequest()
#10 /media/nirmala-std/CC52D50B52D4FB62/xampp/htdocs/veteran-cbt/public/index.php(37): CodeIgniter\CodeIgniter->run()
#11 /media/nirmala-std/CC52D50B52D4FB62/xampp/htdocs/veteran-cbt/vendor/codeigniter4/framework/system/Commands/Server/rewrite.php(43): require_once('...')
#12 {main}
CRITICAL - 2022-06-02 12:05:26 --> Cannot declare class Myth\Auth\Filters\RoleFilter, because the name is already in use
#0 [internal function]: CodeIgniter\Debug\Exceptions->shutdownHandler()
#1 {main}
