CRITICAL - 2022-06-23 14:52:28 --> Class "App\Models\SiswaModel" not found
#0 /mnt/CC52D50B52D4FB62/xampp/htdocs/veteran-cbt/vendor/codeigniter4/framework/system/CodeIgniter.php(832): App\Controllers\Admin->siswa()
#1 /mnt/CC52D50B52D4FB62/xampp/htdocs/veteran-cbt/vendor/codeigniter4/framework/system/CodeIgniter.php(419): CodeIgniter\CodeIgniter->runController()
#2 /mnt/CC52D50B52D4FB62/xampp/htdocs/veteran-cbt/vendor/codeigniter4/framework/system/CodeIgniter.php(326): CodeIgniter\CodeIgniter->handleRequest()
#3 /mnt/CC52D50B52D4FB62/xampp/htdocs/veteran-cbt/public/index.php(37): CodeIgniter\CodeIgniter->run()
#4 /mnt/CC52D50B52D4FB62/xampp/htdocs/veteran-cbt/vendor/codeigniter4/framework/system/Commands/Server/rewrite.php(43): require_once('...')
#5 {main}
CRITICAL - 2022-06-23 15:02:09 --> Undefined variable $siswa
#0 /mnt/CC52D50B52D4FB62/xampp/htdocs/veteran-cbt/app/Views/admin/siswa.php(51): CodeIgniter\Debug\Exceptions->errorHandler()
#1 /mnt/CC52D50B52D4FB62/xampp/htdocs/veteran-cbt/vendor/codeigniter4/framework/system/View/View.php(210): include('...')
#2 /mnt/CC52D50B52D4FB62/xampp/htdocs/veteran-cbt/vendor/codeigniter4/framework/system/View/View.php(213): CodeIgniter\View\View->CodeIgniter\View\{closure}()
#3 /mnt/CC52D50B52D4FB62/xampp/htdocs/veteran-cbt/vendor/codeigniter4/framework/system/Common.php(1089): CodeIgniter\View\View->render()
#4 /mnt/CC52D50B52D4FB62/xampp/htdocs/veteran-cbt/app/Controllers/Admin.php(47): view()
#5 /mnt/CC52D50B52D4FB62/xampp/htdocs/veteran-cbt/vendor/codeigniter4/framework/system/CodeIgniter.php(832): App\Controllers\Admin->siswa()
#6 /mnt/CC52D50B52D4FB62/xampp/htdocs/veteran-cbt/vendor/codeigniter4/framework/system/CodeIgniter.php(419): CodeIgniter\CodeIgniter->runController()
#7 /mnt/CC52D50B52D4FB62/xampp/htdocs/veteran-cbt/vendor/codeigniter4/framework/system/CodeIgniter.php(326): CodeIgniter\CodeIgniter->handleRequest()
#8 /mnt/CC52D50B52D4FB62/xampp/htdocs/veteran-cbt/public/index.php(37): CodeIgniter\CodeIgniter->run()
#9 /mnt/CC52D50B52D4FB62/xampp/htdocs/veteran-cbt/vendor/codeigniter4/framework/system/Commands/Server/rewrite.php(43): require_once('...')
#10 {main}
CRITICAL - 2022-06-23 15:55:56 --> Invalid file: /admin/siswa/create.php
#0 /mnt/CC52D50B52D4FB62/xampp/htdocs/veteran-cbt/vendor/codeigniter4/framework/system/View/View.php(198): CodeIgniter\Exceptions\FrameworkException::forInvalidFile()
#1 /mnt/CC52D50B52D4FB62/xampp/htdocs/veteran-cbt/vendor/codeigniter4/framework/system/Common.php(1089): CodeIgniter\View\View->render()
#2 /mnt/CC52D50B52D4FB62/xampp/htdocs/veteran-cbt/app/Controllers/Siswa.php(35): view()
#3 /mnt/CC52D50B52D4FB62/xampp/htdocs/veteran-cbt/vendor/codeigniter4/framework/system/CodeIgniter.php(832): App\Controllers\Siswa->create()
#4 /mnt/CC52D50B52D4FB62/xampp/htdocs/veteran-cbt/vendor/codeigniter4/framework/system/CodeIgniter.php(419): CodeIgniter\CodeIgniter->runController()
#5 /mnt/CC52D50B52D4FB62/xampp/htdocs/veteran-cbt/vendor/codeigniter4/framework/system/CodeIgniter.php(326): CodeIgniter\CodeIgniter->handleRequest()
#6 /mnt/CC52D50B52D4FB62/xampp/htdocs/veteran-cbt/public/index.php(37): CodeIgniter\CodeIgniter->run()
#7 /mnt/CC52D50B52D4FB62/xampp/htdocs/veteran-cbt/vendor/codeigniter4/framework/system/Commands/Server/rewrite.php(43): require_once('...')
#8 {main}
CRITICAL - 2022-06-23 16:04:23 --> Call to a member function getError() on null
#0 /mnt/CC52D50B52D4FB62/xampp/htdocs/veteran-cbt/vendor/codeigniter4/framework/system/CodeIgniter.php(832): App\Controllers\Siswa->updatedata()
#1 /mnt/CC52D50B52D4FB62/xampp/htdocs/veteran-cbt/vendor/codeigniter4/framework/system/CodeIgniter.php(419): CodeIgniter\CodeIgniter->runController()
#2 /mnt/CC52D50B52D4FB62/xampp/htdocs/veteran-cbt/vendor/codeigniter4/framework/system/CodeIgniter.php(326): CodeIgniter\CodeIgniter->handleRequest()
#3 /mnt/CC52D50B52D4FB62/xampp/htdocs/veteran-cbt/public/index.php(37): CodeIgniter\CodeIgniter->run()
#4 /mnt/CC52D50B52D4FB62/xampp/htdocs/veteran-cbt/vendor/codeigniter4/framework/system/Commands/Server/rewrite.php(43): require_once('...')
#5 {main}
CRITICAL - 2022-06-23 16:04:30 --> Call to a member function getError() on null
#0 /mnt/CC52D50B52D4FB62/xampp/htdocs/veteran-cbt/vendor/codeigniter4/framework/system/CodeIgniter.php(832): App\Controllers\Siswa->updatedata()
#1 /mnt/CC52D50B52D4FB62/xampp/htdocs/veteran-cbt/vendor/codeigniter4/framework/system/CodeIgniter.php(419): CodeIgniter\CodeIgniter->runController()
#2 /mnt/CC52D50B52D4FB62/xampp/htdocs/veteran-cbt/vendor/codeigniter4/framework/system/CodeIgniter.php(326): CodeIgniter\CodeIgniter->handleRequest()
#3 /mnt/CC52D50B52D4FB62/xampp/htdocs/veteran-cbt/public/index.php(37): CodeIgniter\CodeIgniter->run()
#4 /mnt/CC52D50B52D4FB62/xampp/htdocs/veteran-cbt/vendor/codeigniter4/framework/system/Commands/Server/rewrite.php(43): require_once('...')
#5 {main}
CRITICAL - 2022-06-23 16:04:55 --> Call to a member function getError() on null
#0 /mnt/CC52D50B52D4FB62/xampp/htdocs/veteran-cbt/vendor/codeigniter4/framework/system/CodeIgniter.php(832): App\Controllers\Siswa->updatedata()
#1 /mnt/CC52D50B52D4FB62/xampp/htdocs/veteran-cbt/vendor/codeigniter4/framework/system/CodeIgniter.php(419): CodeIgniter\CodeIgniter->runController()
#2 /mnt/CC52D50B52D4FB62/xampp/htdocs/veteran-cbt/vendor/codeigniter4/framework/system/CodeIgniter.php(326): CodeIgniter\CodeIgniter->handleRequest()
#3 /mnt/CC52D50B52D4FB62/xampp/htdocs/veteran-cbt/public/index.php(37): CodeIgniter\CodeIgniter->run()
#4 /mnt/CC52D50B52D4FB62/xampp/htdocs/veteran-cbt/vendor/codeigniter4/framework/system/Commands/Server/rewrite.php(43): require_once('...')
#5 {main}
CRITICAL - 2022-06-23 16:31:43 --> Call to a member function getError() on null
#0 /mnt/CC52D50B52D4FB62/xampp/htdocs/veteran-cbt/vendor/codeigniter4/framework/system/CodeIgniter.php(832): App\Controllers\Siswa->updatedata_siswa()
#1 /mnt/CC52D50B52D4FB62/xampp/htdocs/veteran-cbt/vendor/codeigniter4/framework/system/CodeIgniter.php(419): CodeIgniter\CodeIgniter->runController()
#2 /mnt/CC52D50B52D4FB62/xampp/htdocs/veteran-cbt/vendor/codeigniter4/framework/system/CodeIgniter.php(326): CodeIgniter\CodeIgniter->handleRequest()
#3 /mnt/CC52D50B52D4FB62/xampp/htdocs/veteran-cbt/public/index.php(37): CodeIgniter\CodeIgniter->run()
#4 /mnt/CC52D50B52D4FB62/xampp/htdocs/veteran-cbt/vendor/codeigniter4/framework/system/Commands/Server/rewrite.php(43): require_once('...')
#5 {main}
CRITICAL - 2022-06-23 16:35:32 --> Call to a member function getError() on null
#0 /mnt/CC52D50B52D4FB62/xampp/htdocs/veteran-cbt/vendor/codeigniter4/framework/system/CodeIgniter.php(832): App\Controllers\Siswa->updatedata_siswa()
#1 /mnt/CC52D50B52D4FB62/xampp/htdocs/veteran-cbt/vendor/codeigniter4/framework/system/CodeIgniter.php(419): CodeIgniter\CodeIgniter->runController()
#2 /mnt/CC52D50B52D4FB62/xampp/htdocs/veteran-cbt/vendor/codeigniter4/framework/system/CodeIgniter.php(326): CodeIgniter\CodeIgniter->handleRequest()
#3 /mnt/CC52D50B52D4FB62/xampp/htdocs/veteran-cbt/public/index.php(37): CodeIgniter\CodeIgniter->run()
#4 /mnt/CC52D50B52D4FB62/xampp/htdocs/veteran-cbt/vendor/codeigniter4/framework/system/Commands/Server/rewrite.php(43): require_once('...')
#5 {main}
CRITICAL - 2022-06-23 16:39:57 --> Invalid file: admin/siswa.php
#0 /mnt/CC52D50B52D4FB62/xampp/htdocs/veteran-cbt/vendor/codeigniter4/framework/system/View/View.php(198): CodeIgniter\Exceptions\FrameworkException::forInvalidFile()
#1 /mnt/CC52D50B52D4FB62/xampp/htdocs/veteran-cbt/vendor/codeigniter4/framework/system/Common.php(1089): CodeIgniter\View\View->render()
#2 /mnt/CC52D50B52D4FB62/xampp/htdocs/veteran-cbt/app/Controllers/Admin.php(52): view()
#3 /mnt/CC52D50B52D4FB62/xampp/htdocs/veteran-cbt/vendor/codeigniter4/framework/system/CodeIgniter.php(832): App\Controllers\Admin->siswa()
#4 /mnt/CC52D50B52D4FB62/xampp/htdocs/veteran-cbt/vendor/codeigniter4/framework/system/CodeIgniter.php(419): CodeIgniter\CodeIgniter->runController()
#5 /mnt/CC52D50B52D4FB62/xampp/htdocs/veteran-cbt/vendor/codeigniter4/framework/system/CodeIgniter.php(326): CodeIgniter\CodeIgniter->handleRequest()
#6 /mnt/CC52D50B52D4FB62/xampp/htdocs/veteran-cbt/public/index.php(37): CodeIgniter\CodeIgniter->run()
#7 /mnt/CC52D50B52D4FB62/xampp/htdocs/veteran-cbt/vendor/codeigniter4/framework/system/Commands/Server/rewrite.php(43): require_once('...')
#8 {main}
CRITICAL - 2022-06-23 16:46:24 --> Undefined property: stdClass::$foto
#0 /mnt/CC52D50B52D4FB62/xampp/htdocs/veteran-cbt/app/Views/admin/siswa/detail.php(10): CodeIgniter\Debug\Exceptions->errorHandler()
#1 /mnt/CC52D50B52D4FB62/xampp/htdocs/veteran-cbt/vendor/codeigniter4/framework/system/View/View.php(210): include('...')
#2 /mnt/CC52D50B52D4FB62/xampp/htdocs/veteran-cbt/vendor/codeigniter4/framework/system/View/View.php(213): CodeIgniter\View\View->CodeIgniter\View\{closure}()
#3 /mnt/CC52D50B52D4FB62/xampp/htdocs/veteran-cbt/vendor/codeigniter4/framework/system/Common.php(1089): CodeIgniter\View\View->render()
#4 /mnt/CC52D50B52D4FB62/xampp/htdocs/veteran-cbt/app/Controllers/Admin.php(182): view()
#5 /mnt/CC52D50B52D4FB62/xampp/htdocs/veteran-cbt/vendor/codeigniter4/framework/system/CodeIgniter.php(832): App\Controllers\Admin->detailSiswa()
#6 /mnt/CC52D50B52D4FB62/xampp/htdocs/veteran-cbt/vendor/codeigniter4/framework/system/CodeIgniter.php(419): CodeIgniter\CodeIgniter->runController()
#7 /mnt/CC52D50B52D4FB62/xampp/htdocs/veteran-cbt/vendor/codeigniter4/framework/system/CodeIgniter.php(326): CodeIgniter\CodeIgniter->handleRequest()
#8 /mnt/CC52D50B52D4FB62/xampp/htdocs/veteran-cbt/public/index.php(37): CodeIgniter\CodeIgniter->run()
#9 /mnt/CC52D50B52D4FB62/xampp/htdocs/veteran-cbt/vendor/codeigniter4/framework/system/Commands/Server/rewrite.php(43): require_once('...')
#10 {main}
CRITICAL - 2022-06-23 16:49:13 --> Undefined property: stdClass::$nama
#0 /mnt/CC52D50B52D4FB62/xampp/htdocs/veteran-cbt/app/Views/admin/siswa/detail.php(14): CodeIgniter\Debug\Exceptions->errorHandler()
#1 /mnt/CC52D50B52D4FB62/xampp/htdocs/veteran-cbt/vendor/codeigniter4/framework/system/View/View.php(210): include('...')
#2 /mnt/CC52D50B52D4FB62/xampp/htdocs/veteran-cbt/vendor/codeigniter4/framework/system/View/View.php(213): CodeIgniter\View\View->CodeIgniter\View\{closure}()
#3 /mnt/CC52D50B52D4FB62/xampp/htdocs/veteran-cbt/vendor/codeigniter4/framework/system/Common.php(1089): CodeIgniter\View\View->render()
#4 /mnt/CC52D50B52D4FB62/xampp/htdocs/veteran-cbt/app/Controllers/Admin.php(182): view()
#5 /mnt/CC52D50B52D4FB62/xampp/htdocs/veteran-cbt/vendor/codeigniter4/framework/system/CodeIgniter.php(832): App\Controllers\Admin->detailSiswa()
#6 /mnt/CC52D50B52D4FB62/xampp/htdocs/veteran-cbt/vendor/codeigniter4/framework/system/CodeIgniter.php(419): CodeIgniter\CodeIgniter->runController()
#7 /mnt/CC52D50B52D4FB62/xampp/htdocs/veteran-cbt/vendor/codeigniter4/framework/system/CodeIgniter.php(326): CodeIgniter\CodeIgniter->handleRequest()
#8 /mnt/CC52D50B52D4FB62/xampp/htdocs/veteran-cbt/public/index.php(37): CodeIgniter\CodeIgniter->run()
#9 /mnt/CC52D50B52D4FB62/xampp/htdocs/veteran-cbt/vendor/codeigniter4/framework/system/Commands/Server/rewrite.php(43): require_once('...')
#10 {main}
CRITICAL - 2022-06-23 16:49:16 --> Undefined property: stdClass::$nama
#0 /mnt/CC52D50B52D4FB62/xampp/htdocs/veteran-cbt/app/Views/admin/siswa/detail.php(14): CodeIgniter\Debug\Exceptions->errorHandler()
#1 /mnt/CC52D50B52D4FB62/xampp/htdocs/veteran-cbt/vendor/codeigniter4/framework/system/View/View.php(210): include('...')
#2 /mnt/CC52D50B52D4FB62/xampp/htdocs/veteran-cbt/vendor/codeigniter4/framework/system/View/View.php(213): CodeIgniter\View\View->CodeIgniter\View\{closure}()
#3 /mnt/CC52D50B52D4FB62/xampp/htdocs/veteran-cbt/vendor/codeigniter4/framework/system/Common.php(1089): CodeIgniter\View\View->render()
#4 /mnt/CC52D50B52D4FB62/xampp/htdocs/veteran-cbt/app/Controllers/Admin.php(182): view()
#5 /mnt/CC52D50B52D4FB62/xampp/htdocs/veteran-cbt/vendor/codeigniter4/framework/system/CodeIgniter.php(832): App\Controllers\Admin->detailSiswa()
#6 /mnt/CC52D50B52D4FB62/xampp/htdocs/veteran-cbt/vendor/codeigniter4/framework/system/CodeIgniter.php(419): CodeIgniter\CodeIgniter->runController()
#7 /mnt/CC52D50B52D4FB62/xampp/htdocs/veteran-cbt/vendor/codeigniter4/framework/system/CodeIgniter.php(326): CodeIgniter\CodeIgniter->handleRequest()
#8 /mnt/CC52D50B52D4FB62/xampp/htdocs/veteran-cbt/public/index.php(37): CodeIgniter\CodeIgniter->run()
#9 /mnt/CC52D50B52D4FB62/xampp/htdocs/veteran-cbt/vendor/codeigniter4/framework/system/Commands/Server/rewrite.php(43): require_once('...')
#10 {main}
CRITICAL - 2022-06-23 16:51:59 --> Undefined constant "App\Controllers\builder"
#0 /mnt/CC52D50B52D4FB62/xampp/htdocs/veteran-cbt/vendor/codeigniter4/framework/system/CodeIgniter.php(832): App\Controllers\Admin->detailSiswa()
#1 /mnt/CC52D50B52D4FB62/xampp/htdocs/veteran-cbt/vendor/codeigniter4/framework/system/CodeIgniter.php(419): CodeIgniter\CodeIgniter->runController()
#2 /mnt/CC52D50B52D4FB62/xampp/htdocs/veteran-cbt/vendor/codeigniter4/framework/system/CodeIgniter.php(326): CodeIgniter\CodeIgniter->handleRequest()
#3 /mnt/CC52D50B52D4FB62/xampp/htdocs/veteran-cbt/public/index.php(37): CodeIgniter\CodeIgniter->run()
#4 /mnt/CC52D50B52D4FB62/xampp/htdocs/veteran-cbt/vendor/codeigniter4/framework/system/Commands/Server/rewrite.php(43): require_once('...')
#5 {main}
CRITICAL - 2022-06-23 16:52:00 --> Undefined constant "App\Controllers\builder"
#0 /mnt/CC52D50B52D4FB62/xampp/htdocs/veteran-cbt/vendor/codeigniter4/framework/system/CodeIgniter.php(832): App\Controllers\Admin->detailSiswa()
#1 /mnt/CC52D50B52D4FB62/xampp/htdocs/veteran-cbt/vendor/codeigniter4/framework/system/CodeIgniter.php(419): CodeIgniter\CodeIgniter->runController()
#2 /mnt/CC52D50B52D4FB62/xampp/htdocs/veteran-cbt/vendor/codeigniter4/framework/system/CodeIgniter.php(326): CodeIgniter\CodeIgniter->handleRequest()
#3 /mnt/CC52D50B52D4FB62/xampp/htdocs/veteran-cbt/public/index.php(37): CodeIgniter\CodeIgniter->run()
#4 /mnt/CC52D50B52D4FB62/xampp/htdocs/veteran-cbt/vendor/codeigniter4/framework/system/Commands/Server/rewrite.php(43): require_once('...')
#5 {main}
CRITICAL - 2022-06-23 16:52:01 --> Undefined constant "App\Controllers\builder"
#0 /mnt/CC52D50B52D4FB62/xampp/htdocs/veteran-cbt/vendor/codeigniter4/framework/system/CodeIgniter.php(832): App\Controllers\Admin->detailSiswa()
#1 /mnt/CC52D50B52D4FB62/xampp/htdocs/veteran-cbt/vendor/codeigniter4/framework/system/CodeIgniter.php(419): CodeIgniter\CodeIgniter->runController()
#2 /mnt/CC52D50B52D4FB62/xampp/htdocs/veteran-cbt/vendor/codeigniter4/framework/system/CodeIgniter.php(326): CodeIgniter\CodeIgniter->handleRequest()
#3 /mnt/CC52D50B52D4FB62/xampp/htdocs/veteran-cbt/public/index.php(37): CodeIgniter\CodeIgniter->run()
#4 /mnt/CC52D50B52D4FB62/xampp/htdocs/veteran-cbt/vendor/codeigniter4/framework/system/Commands/Server/rewrite.php(43): require_once('...')
#5 {main}
CRITICAL - 2022-06-23 16:52:01 --> Undefined constant "App\Controllers\builder"
#0 /mnt/CC52D50B52D4FB62/xampp/htdocs/veteran-cbt/vendor/codeigniter4/framework/system/CodeIgniter.php(832): App\Controllers\Admin->detailSiswa()
#1 /mnt/CC52D50B52D4FB62/xampp/htdocs/veteran-cbt/vendor/codeigniter4/framework/system/CodeIgniter.php(419): CodeIgniter\CodeIgniter->runController()
#2 /mnt/CC52D50B52D4FB62/xampp/htdocs/veteran-cbt/vendor/codeigniter4/framework/system/CodeIgniter.php(326): CodeIgniter\CodeIgniter->handleRequest()
#3 /mnt/CC52D50B52D4FB62/xampp/htdocs/veteran-cbt/public/index.php(37): CodeIgniter\CodeIgniter->run()
#4 /mnt/CC52D50B52D4FB62/xampp/htdocs/veteran-cbt/vendor/codeigniter4/framework/system/Commands/Server/rewrite.php(43): require_once('...')
#5 {main}
CRITICAL - 2022-06-23 16:52:02 --> Undefined constant "App\Controllers\builder"
#0 /mnt/CC52D50B52D4FB62/xampp/htdocs/veteran-cbt/vendor/codeigniter4/framework/system/CodeIgniter.php(832): App\Controllers\Admin->detailSiswa()
#1 /mnt/CC52D50B52D4FB62/xampp/htdocs/veteran-cbt/vendor/codeigniter4/framework/system/CodeIgniter.php(419): CodeIgniter\CodeIgniter->runController()
#2 /mnt/CC52D50B52D4FB62/xampp/htdocs/veteran-cbt/vendor/codeigniter4/framework/system/CodeIgniter.php(326): CodeIgniter\CodeIgniter->handleRequest()
#3 /mnt/CC52D50B52D4FB62/xampp/htdocs/veteran-cbt/public/index.php(37): CodeIgniter\CodeIgniter->run()
#4 /mnt/CC52D50B52D4FB62/xampp/htdocs/veteran-cbt/vendor/codeigniter4/framework/system/Commands/Server/rewrite.php(43): require_once('...')
#5 {main}
CRITICAL - 2022-06-23 16:52:02 --> Undefined constant "App\Controllers\builder"
#0 /mnt/CC52D50B52D4FB62/xampp/htdocs/veteran-cbt/vendor/codeigniter4/framework/system/CodeIgniter.php(832): App\Controllers\Admin->detailSiswa()
#1 /mnt/CC52D50B52D4FB62/xampp/htdocs/veteran-cbt/vendor/codeigniter4/framework/system/CodeIgniter.php(419): CodeIgniter\CodeIgniter->runController()
#2 /mnt/CC52D50B52D4FB62/xampp/htdocs/veteran-cbt/vendor/codeigniter4/framework/system/CodeIgniter.php(326): CodeIgniter\CodeIgniter->handleRequest()
#3 /mnt/CC52D50B52D4FB62/xampp/htdocs/veteran-cbt/public/index.php(37): CodeIgniter\CodeIgniter->run()
#4 /mnt/CC52D50B52D4FB62/xampp/htdocs/veteran-cbt/vendor/codeigniter4/framework/system/Commands/Server/rewrite.php(43): require_once('...')
#5 {main}
CRITICAL - 2022-06-23 16:52:02 --> Undefined constant "App\Controllers\builder"
#0 /mnt/CC52D50B52D4FB62/xampp/htdocs/veteran-cbt/vendor/codeigniter4/framework/system/CodeIgniter.php(832): App\Controllers\Admin->detailSiswa()
#1 /mnt/CC52D50B52D4FB62/xampp/htdocs/veteran-cbt/vendor/codeigniter4/framework/system/CodeIgniter.php(419): CodeIgniter\CodeIgniter->runController()
#2 /mnt/CC52D50B52D4FB62/xampp/htdocs/veteran-cbt/vendor/codeigniter4/framework/system/CodeIgniter.php(326): CodeIgniter\CodeIgniter->handleRequest()
#3 /mnt/CC52D50B52D4FB62/xampp/htdocs/veteran-cbt/public/index.php(37): CodeIgniter\CodeIgniter->run()
#4 /mnt/CC52D50B52D4FB62/xampp/htdocs/veteran-cbt/vendor/codeigniter4/framework/system/Commands/Server/rewrite.php(43): require_once('...')
#5 {main}
CRITICAL - 2022-06-23 16:52:03 --> Undefined constant "App\Controllers\builder"
#0 /mnt/CC52D50B52D4FB62/xampp/htdocs/veteran-cbt/vendor/codeigniter4/framework/system/CodeIgniter.php(832): App\Controllers\Admin->detailSiswa()
#1 /mnt/CC52D50B52D4FB62/xampp/htdocs/veteran-cbt/vendor/codeigniter4/framework/system/CodeIgniter.php(419): CodeIgniter\CodeIgniter->runController()
#2 /mnt/CC52D50B52D4FB62/xampp/htdocs/veteran-cbt/vendor/codeigniter4/framework/system/CodeIgniter.php(326): CodeIgniter\CodeIgniter->handleRequest()
#3 /mnt/CC52D50B52D4FB62/xampp/htdocs/veteran-cbt/public/index.php(37): CodeIgniter\CodeIgniter->run()
#4 /mnt/CC52D50B52D4FB62/xampp/htdocs/veteran-cbt/vendor/codeigniter4/framework/system/Commands/Server/rewrite.php(43): require_once('...')
#5 {main}
CRITICAL - 2022-06-23 16:52:03 --> Undefined constant "App\Controllers\builder"
#0 /mnt/CC52D50B52D4FB62/xampp/htdocs/veteran-cbt/vendor/codeigniter4/framework/system/CodeIgniter.php(832): App\Controllers\Admin->detailSiswa()
#1 /mnt/CC52D50B52D4FB62/xampp/htdocs/veteran-cbt/vendor/codeigniter4/framework/system/CodeIgniter.php(419): CodeIgniter\CodeIgniter->runController()
#2 /mnt/CC52D50B52D4FB62/xampp/htdocs/veteran-cbt/vendor/codeigniter4/framework/system/CodeIgniter.php(326): CodeIgniter\CodeIgniter->handleRequest()
#3 /mnt/CC52D50B52D4FB62/xampp/htdocs/veteran-cbt/public/index.php(37): CodeIgniter\CodeIgniter->run()
#4 /mnt/CC52D50B52D4FB62/xampp/htdocs/veteran-cbt/vendor/codeigniter4/framework/system/Commands/Server/rewrite.php(43): require_once('...')
#5 {main}
CRITICAL - 2022-06-23 16:52:03 --> Undefined constant "App\Controllers\builder"
#0 /mnt/CC52D50B52D4FB62/xampp/htdocs/veteran-cbt/vendor/codeigniter4/framework/system/CodeIgniter.php(832): App\Controllers\Admin->detailSiswa()
#1 /mnt/CC52D50B52D4FB62/xampp/htdocs/veteran-cbt/vendor/codeigniter4/framework/system/CodeIgniter.php(419): CodeIgniter\CodeIgniter->runController()
#2 /mnt/CC52D50B52D4FB62/xampp/htdocs/veteran-cbt/vendor/codeigniter4/framework/system/CodeIgniter.php(326): CodeIgniter\CodeIgniter->handleRequest()
#3 /mnt/CC52D50B52D4FB62/xampp/htdocs/veteran-cbt/public/index.php(37): CodeIgniter\CodeIgniter->run()
#4 /mnt/CC52D50B52D4FB62/xampp/htdocs/veteran-cbt/vendor/codeigniter4/framework/system/Commands/Server/rewrite.php(43): require_once('...')
#5 {main}
CRITICAL - 2022-06-23 16:52:04 --> Undefined constant "App\Controllers\builder"
#0 /mnt/CC52D50B52D4FB62/xampp/htdocs/veteran-cbt/vendor/codeigniter4/framework/system/CodeIgniter.php(832): App\Controllers\Admin->detailSiswa()
#1 /mnt/CC52D50B52D4FB62/xampp/htdocs/veteran-cbt/vendor/codeigniter4/framework/system/CodeIgniter.php(419): CodeIgniter\CodeIgniter->runController()
#2 /mnt/CC52D50B52D4FB62/xampp/htdocs/veteran-cbt/vendor/codeigniter4/framework/system/CodeIgniter.php(326): CodeIgniter\CodeIgniter->handleRequest()
#3 /mnt/CC52D50B52D4FB62/xampp/htdocs/veteran-cbt/public/index.php(37): CodeIgniter\CodeIgniter->run()
#4 /mnt/CC52D50B52D4FB62/xampp/htdocs/veteran-cbt/vendor/codeigniter4/framework/system/Commands/Server/rewrite.php(43): require_once('...')
#5 {main}
CRITICAL - 2022-06-23 16:52:04 --> Undefined constant "App\Controllers\builder"
#0 /mnt/CC52D50B52D4FB62/xampp/htdocs/veteran-cbt/vendor/codeigniter4/framework/system/CodeIgniter.php(832): App\Controllers\Admin->detailSiswa()
#1 /mnt/CC52D50B52D4FB62/xampp/htdocs/veteran-cbt/vendor/codeigniter4/framework/system/CodeIgniter.php(419): CodeIgniter\CodeIgniter->runController()
#2 /mnt/CC52D50B52D4FB62/xampp/htdocs/veteran-cbt/vendor/codeigniter4/framework/system/CodeIgniter.php(326): CodeIgniter\CodeIgniter->handleRequest()
#3 /mnt/CC52D50B52D4FB62/xampp/htdocs/veteran-cbt/public/index.php(37): CodeIgniter\CodeIgniter->run()
#4 /mnt/CC52D50B52D4FB62/xampp/htdocs/veteran-cbt/vendor/codeigniter4/framework/system/Commands/Server/rewrite.php(43): require_once('...')
#5 {main}
CRITICAL - 2022-06-23 16:52:04 --> Undefined constant "App\Controllers\builder"
#0 /mnt/CC52D50B52D4FB62/xampp/htdocs/veteran-cbt/vendor/codeigniter4/framework/system/CodeIgniter.php(832): App\Controllers\Admin->detailSiswa()
#1 /mnt/CC52D50B52D4FB62/xampp/htdocs/veteran-cbt/vendor/codeigniter4/framework/system/CodeIgniter.php(419): CodeIgniter\CodeIgniter->runController()
#2 /mnt/CC52D50B52D4FB62/xampp/htdocs/veteran-cbt/vendor/codeigniter4/framework/system/CodeIgniter.php(326): CodeIgniter\CodeIgniter->handleRequest()
#3 /mnt/CC52D50B52D4FB62/xampp/htdocs/veteran-cbt/public/index.php(37): CodeIgniter\CodeIgniter->run()
#4 /mnt/CC52D50B52D4FB62/xampp/htdocs/veteran-cbt/vendor/codeigniter4/framework/system/Commands/Server/rewrite.php(43): require_once('...')
#5 {main}
CRITICAL - 2022-06-23 16:52:04 --> Undefined constant "App\Controllers\builder"
#0 /mnt/CC52D50B52D4FB62/xampp/htdocs/veteran-cbt/vendor/codeigniter4/framework/system/CodeIgniter.php(832): App\Controllers\Admin->detailSiswa()
#1 /mnt/CC52D50B52D4FB62/xampp/htdocs/veteran-cbt/vendor/codeigniter4/framework/system/CodeIgniter.php(419): CodeIgniter\CodeIgniter->runController()
#2 /mnt/CC52D50B52D4FB62/xampp/htdocs/veteran-cbt/vendor/codeigniter4/framework/system/CodeIgniter.php(326): CodeIgniter\CodeIgniter->handleRequest()
#3 /mnt/CC52D50B52D4FB62/xampp/htdocs/veteran-cbt/public/index.php(37): CodeIgniter\CodeIgniter->run()
#4 /mnt/CC52D50B52D4FB62/xampp/htdocs/veteran-cbt/vendor/codeigniter4/framework/system/Commands/Server/rewrite.php(43): require_once('...')
#5 {main}
CRITICAL - 2022-06-23 16:52:05 --> Undefined constant "App\Controllers\builder"
#0 /mnt/CC52D50B52D4FB62/xampp/htdocs/veteran-cbt/vendor/codeigniter4/framework/system/CodeIgniter.php(832): App\Controllers\Admin->detailSiswa()
#1 /mnt/CC52D50B52D4FB62/xampp/htdocs/veteran-cbt/vendor/codeigniter4/framework/system/CodeIgniter.php(419): CodeIgniter\CodeIgniter->runController()
#2 /mnt/CC52D50B52D4FB62/xampp/htdocs/veteran-cbt/vendor/codeigniter4/framework/system/CodeIgniter.php(326): CodeIgniter\CodeIgniter->handleRequest()
#3 /mnt/CC52D50B52D4FB62/xampp/htdocs/veteran-cbt/public/index.php(37): CodeIgniter\CodeIgniter->run()
#4 /mnt/CC52D50B52D4FB62/xampp/htdocs/veteran-cbt/vendor/codeigniter4/framework/system/Commands/Server/rewrite.php(43): require_once('...')
#5 {main}
CRITICAL - 2022-06-23 16:52:05 --> Undefined constant "App\Controllers\builder"
#0 /mnt/CC52D50B52D4FB62/xampp/htdocs/veteran-cbt/vendor/codeigniter4/framework/system/CodeIgniter.php(832): App\Controllers\Admin->detailSiswa()
#1 /mnt/CC52D50B52D4FB62/xampp/htdocs/veteran-cbt/vendor/codeigniter4/framework/system/CodeIgniter.php(419): CodeIgniter\CodeIgniter->runController()
#2 /mnt/CC52D50B52D4FB62/xampp/htdocs/veteran-cbt/vendor/codeigniter4/framework/system/CodeIgniter.php(326): CodeIgniter\CodeIgniter->handleRequest()
#3 /mnt/CC52D50B52D4FB62/xampp/htdocs/veteran-cbt/public/index.php(37): CodeIgniter\CodeIgniter->run()
#4 /mnt/CC52D50B52D4FB62/xampp/htdocs/veteran-cbt/vendor/codeigniter4/framework/system/Commands/Server/rewrite.php(43): require_once('...')
#5 {main}
CRITICAL - 2022-06-23 16:52:13 --> Invalid file: siswa/update.php
#0 /mnt/CC52D50B52D4FB62/xampp/htdocs/veteran-cbt/vendor/codeigniter4/framework/system/View/View.php(198): CodeIgniter\Exceptions\FrameworkException::forInvalidFile()
#1 /mnt/CC52D50B52D4FB62/xampp/htdocs/veteran-cbt/vendor/codeigniter4/framework/system/Common.php(1089): CodeIgniter\View\View->render()
#2 /mnt/CC52D50B52D4FB62/xampp/htdocs/veteran-cbt/app/Controllers/Admin.php(130): view()
#3 /mnt/CC52D50B52D4FB62/xampp/htdocs/veteran-cbt/vendor/codeigniter4/framework/system/CodeIgniter.php(832): App\Controllers\Admin->updateSiswa()
#4 /mnt/CC52D50B52D4FB62/xampp/htdocs/veteran-cbt/vendor/codeigniter4/framework/system/CodeIgniter.php(419): CodeIgniter\CodeIgniter->runController()
#5 /mnt/CC52D50B52D4FB62/xampp/htdocs/veteran-cbt/vendor/codeigniter4/framework/system/CodeIgniter.php(326): CodeIgniter\CodeIgniter->handleRequest()
#6 /mnt/CC52D50B52D4FB62/xampp/htdocs/veteran-cbt/public/index.php(37): CodeIgniter\CodeIgniter->run()
#7 /mnt/CC52D50B52D4FB62/xampp/htdocs/veteran-cbt/vendor/codeigniter4/framework/system/Commands/Server/rewrite.php(43): require_once('...')
#8 {main}
CRITICAL - 2022-06-23 16:56:16 --> Invalid file: siswa/update.php
#0 /mnt/CC52D50B52D4FB62/xampp/htdocs/veteran-cbt/vendor/codeigniter4/framework/system/View/View.php(198): CodeIgniter\Exceptions\FrameworkException::forInvalidFile()
#1 /mnt/CC52D50B52D4FB62/xampp/htdocs/veteran-cbt/vendor/codeigniter4/framework/system/Common.php(1089): CodeIgniter\View\View->render()
#2 /mnt/CC52D50B52D4FB62/xampp/htdocs/veteran-cbt/app/Controllers/Admin.php(130): view()
#3 /mnt/CC52D50B52D4FB62/xampp/htdocs/veteran-cbt/vendor/codeigniter4/framework/system/CodeIgniter.php(832): App\Controllers\Admin->updateSiswa()
#4 /mnt/CC52D50B52D4FB62/xampp/htdocs/veteran-cbt/vendor/codeigniter4/framework/system/CodeIgniter.php(419): CodeIgniter\CodeIgniter->runController()
#5 /mnt/CC52D50B52D4FB62/xampp/htdocs/veteran-cbt/vendor/codeigniter4/framework/system/CodeIgniter.php(326): CodeIgniter\CodeIgniter->handleRequest()
#6 /mnt/CC52D50B52D4FB62/xampp/htdocs/veteran-cbt/public/index.php(37): CodeIgniter\CodeIgniter->run()
#7 /mnt/CC52D50B52D4FB62/xampp/htdocs/veteran-cbt/vendor/codeigniter4/framework/system/Commands/Server/rewrite.php(43): require_once('...')
#8 {main}
CRITICAL - 2022-06-23 16:57:52 --> Undefined property: App\Controllers\Admin::$SiswaModel
#0 /mnt/CC52D50B52D4FB62/xampp/htdocs/veteran-cbt/app/Controllers/Admin.php(150): CodeIgniter\Debug\Exceptions->errorHandler()
#1 /mnt/CC52D50B52D4FB62/xampp/htdocs/veteran-cbt/vendor/codeigniter4/framework/system/CodeIgniter.php(832): App\Controllers\Admin->updatedataSiswa()
#2 /mnt/CC52D50B52D4FB62/xampp/htdocs/veteran-cbt/vendor/codeigniter4/framework/system/CodeIgniter.php(419): CodeIgniter\CodeIgniter->runController()
#3 /mnt/CC52D50B52D4FB62/xampp/htdocs/veteran-cbt/vendor/codeigniter4/framework/system/CodeIgniter.php(326): CodeIgniter\CodeIgniter->handleRequest()
#4 /mnt/CC52D50B52D4FB62/xampp/htdocs/veteran-cbt/public/index.php(37): CodeIgniter\CodeIgniter->run()
#5 /mnt/CC52D50B52D4FB62/xampp/htdocs/veteran-cbt/vendor/codeigniter4/framework/system/Commands/Server/rewrite.php(43): require_once('...')
#6 {main}
CRITICAL - 2022-06-23 16:58:41 --> Undefined property: App\Controllers\Admin::$SiswaModel
#0 /mnt/CC52D50B52D4FB62/xampp/htdocs/veteran-cbt/app/Controllers/Admin.php(150): CodeIgniter\Debug\Exceptions->errorHandler()
#1 /mnt/CC52D50B52D4FB62/xampp/htdocs/veteran-cbt/vendor/codeigniter4/framework/system/CodeIgniter.php(832): App\Controllers\Admin->updatedataSiswa()
#2 /mnt/CC52D50B52D4FB62/xampp/htdocs/veteran-cbt/vendor/codeigniter4/framework/system/CodeIgniter.php(419): CodeIgniter\CodeIgniter->runController()
#3 /mnt/CC52D50B52D4FB62/xampp/htdocs/veteran-cbt/vendor/codeigniter4/framework/system/CodeIgniter.php(326): CodeIgniter\CodeIgniter->handleRequest()
#4 /mnt/CC52D50B52D4FB62/xampp/htdocs/veteran-cbt/public/index.php(37): CodeIgniter\CodeIgniter->run()
#5 /mnt/CC52D50B52D4FB62/xampp/htdocs/veteran-cbt/vendor/codeigniter4/framework/system/Commands/Server/rewrite.php(43): require_once('...')
#6 {main}
CRITICAL - 2022-06-23 17:01:24 --> Invalid file: admin/siswa.php
#0 /mnt/CC52D50B52D4FB62/xampp/htdocs/veteran-cbt/vendor/codeigniter4/framework/system/View/View.php(198): CodeIgniter\Exceptions\FrameworkException::forInvalidFile()
#1 /mnt/CC52D50B52D4FB62/xampp/htdocs/veteran-cbt/vendor/codeigniter4/framework/system/Common.php(1089): CodeIgniter\View\View->render()
#2 /mnt/CC52D50B52D4FB62/xampp/htdocs/veteran-cbt/app/Controllers/Admin.php(53): view()
#3 /mnt/CC52D50B52D4FB62/xampp/htdocs/veteran-cbt/vendor/codeigniter4/framework/system/CodeIgniter.php(832): App\Controllers\Admin->siswa()
#4 /mnt/CC52D50B52D4FB62/xampp/htdocs/veteran-cbt/vendor/codeigniter4/framework/system/CodeIgniter.php(419): CodeIgniter\CodeIgniter->runController()
#5 /mnt/CC52D50B52D4FB62/xampp/htdocs/veteran-cbt/vendor/codeigniter4/framework/system/CodeIgniter.php(326): CodeIgniter\CodeIgniter->handleRequest()
#6 /mnt/CC52D50B52D4FB62/xampp/htdocs/veteran-cbt/public/index.php(37): CodeIgniter\CodeIgniter->run()
#7 /mnt/CC52D50B52D4FB62/xampp/htdocs/veteran-cbt/vendor/codeigniter4/framework/system/Commands/Server/rewrite.php(43): require_once('...')
#8 {main}
CRITICAL - 2022-06-23 17:01:43 --> Invalid file: admin/siswa.php
#0 /mnt/CC52D50B52D4FB62/xampp/htdocs/veteran-cbt/vendor/codeigniter4/framework/system/View/View.php(198): CodeIgniter\Exceptions\FrameworkException::forInvalidFile()
#1 /mnt/CC52D50B52D4FB62/xampp/htdocs/veteran-cbt/vendor/codeigniter4/framework/system/Common.php(1089): CodeIgniter\View\View->render()
#2 /mnt/CC52D50B52D4FB62/xampp/htdocs/veteran-cbt/app/Controllers/Admin.php(53): view()
#3 /mnt/CC52D50B52D4FB62/xampp/htdocs/veteran-cbt/vendor/codeigniter4/framework/system/CodeIgniter.php(832): App\Controllers\Admin->siswa()
#4 /mnt/CC52D50B52D4FB62/xampp/htdocs/veteran-cbt/vendor/codeigniter4/framework/system/CodeIgniter.php(419): CodeIgniter\CodeIgniter->runController()
#5 /mnt/CC52D50B52D4FB62/xampp/htdocs/veteran-cbt/vendor/codeigniter4/framework/system/CodeIgniter.php(326): CodeIgniter\CodeIgniter->handleRequest()
#6 /mnt/CC52D50B52D4FB62/xampp/htdocs/veteran-cbt/public/index.php(37): CodeIgniter\CodeIgniter->run()
#7 /mnt/CC52D50B52D4FB62/xampp/htdocs/veteran-cbt/vendor/codeigniter4/framework/system/Commands/Server/rewrite.php(43): require_once('...')
#8 {main}
