CRITICAL - 2022-06-13 20:50:15 --> Too few arguments to function in_groups(), 0 passed in /mnt/CC52D50B52D4FB62/xampp/htdocs/veteran-cbt/app/Views/siswa/template/sidebar.php on line 57 and exactly 1 expected
#0 /mnt/CC52D50B52D4FB62/xampp/htdocs/veteran-cbt/app/Views/siswa/template/sidebar.php(57): in_groups()
#1 /mnt/CC52D50B52D4FB62/xampp/htdocs/veteran-cbt/vendor/codeigniter4/framework/system/View/View.php(210): include('...')
#2 /mnt/CC52D50B52D4FB62/xampp/htdocs/veteran-cbt/vendor/codeigniter4/framework/system/View/View.php(213): CodeIgniter\View\View->CodeIgniter\View\{closure}()
#3 /mnt/CC52D50B52D4FB62/xampp/htdocs/veteran-cbt/vendor/codeigniter4/framework/system/View/View.php(424): CodeIgniter\View\View->render()
#4 /mnt/CC52D50B52D4FB62/xampp/htdocs/veteran-cbt/app/Views/siswa/template/index.php(30): CodeIgniter\View\View->include()
#5 /mnt/CC52D50B52D4FB62/xampp/htdocs/veteran-cbt/vendor/codeigniter4/framework/system/View/View.php(210): include('...')
#6 /mnt/CC52D50B52D4FB62/xampp/htdocs/veteran-cbt/vendor/codeigniter4/framework/system/View/View.php(213): CodeIgniter\View\View->CodeIgniter\View\{closure}()
#7 /mnt/CC52D50B52D4FB62/xampp/htdocs/veteran-cbt/vendor/codeigniter4/framework/system/View/View.php(226): CodeIgniter\View\View->render()
#8 /mnt/CC52D50B52D4FB62/xampp/htdocs/veteran-cbt/vendor/codeigniter4/framework/system/Common.php(1089): CodeIgniter\View\View->render()
#9 /mnt/CC52D50B52D4FB62/xampp/htdocs/veteran-cbt/app/Controllers/Siswa.php(10): view()
#10 /mnt/CC52D50B52D4FB62/xampp/htdocs/veteran-cbt/vendor/codeigniter4/framework/system/CodeIgniter.php(832): App\Controllers\Siswa->index()
#11 /mnt/CC52D50B52D4FB62/xampp/htdocs/veteran-cbt/vendor/codeigniter4/framework/system/CodeIgniter.php(419): CodeIgniter\CodeIgniter->runController()
#12 /mnt/CC52D50B52D4FB62/xampp/htdocs/veteran-cbt/vendor/codeigniter4/framework/system/CodeIgniter.php(326): CodeIgniter\CodeIgniter->handleRequest()
#13 /mnt/CC52D50B52D4FB62/xampp/htdocs/veteran-cbt/public/index.php(37): CodeIgniter\CodeIgniter->run()
#14 /mnt/CC52D50B52D4FB62/xampp/htdocs/veteran-cbt/vendor/codeigniter4/framework/system/Commands/Server/rewrite.php(43): require_once('...')
#15 {main}
CRITICAL - 2022-06-13 20:50:51 --> Undefined variable $groups
#0 /mnt/CC52D50B52D4FB62/xampp/htdocs/veteran-cbt/app/Views/siswa/template/sidebar.php(57): CodeIgniter\Debug\Exceptions->errorHandler()
#1 /mnt/CC52D50B52D4FB62/xampp/htdocs/veteran-cbt/vendor/codeigniter4/framework/system/View/View.php(210): include('...')
#2 /mnt/CC52D50B52D4FB62/xampp/htdocs/veteran-cbt/vendor/codeigniter4/framework/system/View/View.php(213): CodeIgniter\View\View->CodeIgniter\View\{closure}()
#3 /mnt/CC52D50B52D4FB62/xampp/htdocs/veteran-cbt/vendor/codeigniter4/framework/system/View/View.php(424): CodeIgniter\View\View->render()
#4 /mnt/CC52D50B52D4FB62/xampp/htdocs/veteran-cbt/app/Views/siswa/template/index.php(30): CodeIgniter\View\View->include()
#5 /mnt/CC52D50B52D4FB62/xampp/htdocs/veteran-cbt/vendor/codeigniter4/framework/system/View/View.php(210): include('...')
#6 /mnt/CC52D50B52D4FB62/xampp/htdocs/veteran-cbt/vendor/codeigniter4/framework/system/View/View.php(213): CodeIgniter\View\View->CodeIgniter\View\{closure}()
#7 /mnt/CC52D50B52D4FB62/xampp/htdocs/veteran-cbt/vendor/codeigniter4/framework/system/View/View.php(226): CodeIgniter\View\View->render()
#8 /mnt/CC52D50B52D4FB62/xampp/htdocs/veteran-cbt/vendor/codeigniter4/framework/system/Common.php(1089): CodeIgniter\View\View->render()
#9 /mnt/CC52D50B52D4FB62/xampp/htdocs/veteran-cbt/app/Controllers/Siswa.php(10): view()
#10 /mnt/CC52D50B52D4FB62/xampp/htdocs/veteran-cbt/vendor/codeigniter4/framework/system/CodeIgniter.php(832): App\Controllers\Siswa->index()
#11 /mnt/CC52D50B52D4FB62/xampp/htdocs/veteran-cbt/vendor/codeigniter4/framework/system/CodeIgniter.php(419): CodeIgniter\CodeIgniter->runController()
#12 /mnt/CC52D50B52D4FB62/xampp/htdocs/veteran-cbt/vendor/codeigniter4/framework/system/CodeIgniter.php(326): CodeIgniter\CodeIgniter->handleRequest()
#13 /mnt/CC52D50B52D4FB62/xampp/htdocs/veteran-cbt/public/index.php(37): CodeIgniter\CodeIgniter->run()
#14 /mnt/CC52D50B52D4FB62/xampp/htdocs/veteran-cbt/vendor/codeigniter4/framework/system/Commands/Server/rewrite.php(43): require_once('...')
#15 {main}
CRITICAL - 2022-06-13 20:51:26 --> Undefined variable $groups
#0 /mnt/CC52D50B52D4FB62/xampp/htdocs/veteran-cbt/app/Views/siswa/template/sidebar.php(57): CodeIgniter\Debug\Exceptions->errorHandler()
#1 /mnt/CC52D50B52D4FB62/xampp/htdocs/veteran-cbt/vendor/codeigniter4/framework/system/View/View.php(210): include('...')
#2 /mnt/CC52D50B52D4FB62/xampp/htdocs/veteran-cbt/vendor/codeigniter4/framework/system/View/View.php(213): CodeIgniter\View\View->CodeIgniter\View\{closure}()
#3 /mnt/CC52D50B52D4FB62/xampp/htdocs/veteran-cbt/vendor/codeigniter4/framework/system/View/View.php(424): CodeIgniter\View\View->render()
#4 /mnt/CC52D50B52D4FB62/xampp/htdocs/veteran-cbt/app/Views/siswa/template/index.php(30): CodeIgniter\View\View->include()
#5 /mnt/CC52D50B52D4FB62/xampp/htdocs/veteran-cbt/vendor/codeigniter4/framework/system/View/View.php(210): include('...')
#6 /mnt/CC52D50B52D4FB62/xampp/htdocs/veteran-cbt/vendor/codeigniter4/framework/system/View/View.php(213): CodeIgniter\View\View->CodeIgniter\View\{closure}()
#7 /mnt/CC52D50B52D4FB62/xampp/htdocs/veteran-cbt/vendor/codeigniter4/framework/system/View/View.php(226): CodeIgniter\View\View->render()
#8 /mnt/CC52D50B52D4FB62/xampp/htdocs/veteran-cbt/vendor/codeigniter4/framework/system/Common.php(1089): CodeIgniter\View\View->render()
#9 /mnt/CC52D50B52D4FB62/xampp/htdocs/veteran-cbt/app/Controllers/Siswa.php(10): view()
#10 /mnt/CC52D50B52D4FB62/xampp/htdocs/veteran-cbt/vendor/codeigniter4/framework/system/CodeIgniter.php(832): App\Controllers\Siswa->index()
#11 /mnt/CC52D50B52D4FB62/xampp/htdocs/veteran-cbt/vendor/codeigniter4/framework/system/CodeIgniter.php(419): CodeIgniter\CodeIgniter->runController()
#12 /mnt/CC52D50B52D4FB62/xampp/htdocs/veteran-cbt/vendor/codeigniter4/framework/system/CodeIgniter.php(326): CodeIgniter\CodeIgniter->handleRequest()
#13 /mnt/CC52D50B52D4FB62/xampp/htdocs/veteran-cbt/public/index.php(37): CodeIgniter\CodeIgniter->run()
#14 /mnt/CC52D50B52D4FB62/xampp/htdocs/veteran-cbt/vendor/codeigniter4/framework/system/Commands/Server/rewrite.php(43): require_once('...')
#15 {main}
CRITICAL - 2022-06-13 21:15:32 --> Undefined variable $username
#0 /mnt/CC52D50B52D4FB62/xampp/htdocs/veteran-cbt/app/Views/template/topbar.php(20): CodeIgniter\Debug\Exceptions->errorHandler()
#1 /mnt/CC52D50B52D4FB62/xampp/htdocs/veteran-cbt/vendor/codeigniter4/framework/system/View/View.php(210): include('...')
#2 /mnt/CC52D50B52D4FB62/xampp/htdocs/veteran-cbt/vendor/codeigniter4/framework/system/View/View.php(213): CodeIgniter\View\View->CodeIgniter\View\{closure}()
#3 /mnt/CC52D50B52D4FB62/xampp/htdocs/veteran-cbt/vendor/codeigniter4/framework/system/View/View.php(424): CodeIgniter\View\View->render()
#4 /mnt/CC52D50B52D4FB62/xampp/htdocs/veteran-cbt/app/Views/template/index.php(40): CodeIgniter\View\View->include()
#5 /mnt/CC52D50B52D4FB62/xampp/htdocs/veteran-cbt/vendor/codeigniter4/framework/system/View/View.php(210): include('...')
#6 /mnt/CC52D50B52D4FB62/xampp/htdocs/veteran-cbt/vendor/codeigniter4/framework/system/View/View.php(213): CodeIgniter\View\View->CodeIgniter\View\{closure}()
#7 /mnt/CC52D50B52D4FB62/xampp/htdocs/veteran-cbt/vendor/codeigniter4/framework/system/View/View.php(226): CodeIgniter\View\View->render()
#8 /mnt/CC52D50B52D4FB62/xampp/htdocs/veteran-cbt/vendor/codeigniter4/framework/system/Common.php(1089): CodeIgniter\View\View->render()
#9 /mnt/CC52D50B52D4FB62/xampp/htdocs/veteran-cbt/app/Controllers/Siswa.php(10): view()
#10 /mnt/CC52D50B52D4FB62/xampp/htdocs/veteran-cbt/vendor/codeigniter4/framework/system/CodeIgniter.php(832): App\Controllers\Siswa->index()
#11 /mnt/CC52D50B52D4FB62/xampp/htdocs/veteran-cbt/vendor/codeigniter4/framework/system/CodeIgniter.php(419): CodeIgniter\CodeIgniter->runController()
#12 /mnt/CC52D50B52D4FB62/xampp/htdocs/veteran-cbt/vendor/codeigniter4/framework/system/CodeIgniter.php(326): CodeIgniter\CodeIgniter->handleRequest()
#13 /mnt/CC52D50B52D4FB62/xampp/htdocs/veteran-cbt/public/index.php(37): CodeIgniter\CodeIgniter->run()
#14 /mnt/CC52D50B52D4FB62/xampp/htdocs/veteran-cbt/vendor/codeigniter4/framework/system/Commands/Server/rewrite.php(43): require_once('...')
#15 {main}
