CRITICAL - 2022-05-30 19:01:18 --> Call to undefined function CodeIgniter\locale_set_default()
#0 /media/nirmala-std/CC52D50B52D4FB62/xampp/htdocs/veteran-cbt/vendor/codeigniter4/framework/system/bootstrap.php(146): CodeIgniter\CodeIgniter->initialize()
#1 /media/nirmala-std/CC52D50B52D4FB62/xampp/htdocs/veteran-cbt/spark(45): require('...')
#2 {main}
CRITICAL - 2022-05-30 19:01:18 --> Uncaught Error: Call to undefined function CodeIgniter\CLI\mb_strpos() in /media/nirmala-std/CC52D50B52D4FB62/xampp/htdocs/veteran-cbt/vendor/codeigniter4/framework/system/CLI/CLI.php:758
Stack trace:
#0 /media/nirmala-std/CC52D50B52D4FB62/xampp/htdocs/veteran-cbt/vendor/codeigniter4/framework/system/CLI/CLI.php(161): CodeIgniter\CLI\CLI::parseCommandLine()
#1 /media/nirmala-std/CC52D50B52D4FB62/xampp/htdocs/veteran-cbt/vendor/codeigniter4/framework/system/CLI/CLI.php(1000): CodeIgniter\CLI\CLI::init()
#2 /media/nirmala-std/CC52D50B52D4FB62/xampp/htdocs/veteran-cbt/vendor/codeigniter4/framework/system/Autoloader/Autoloader.php(264): include_once('...')
#3 /media/nirmala-std/CC52D50B52D4FB62/xampp/htdocs/veteran-cbt/vendor/codeigniter4/framework/system/Autoloader/Autoloader.php(241): CodeIgniter\Autoloader\Autoloader->includeFile()
#4 /media/nirmala-std/CC52D50B52D4FB62/xampp/htdocs/veteran-cbt/vendor/codeigniter4/framework/system/Autoloader/Autoloader.php(219): CodeIgniter\Autoloader\Autoloader->loadInNamespace()
#5 /media/nirmala-std/CC52D50B52D4FB62/xampp/htdocs/veteran-cbt/app/Views/errors/cli/error_exception.php(6): CodeIgniter\Autoloader\Autoloader->loadClass()
#6 /media/nirmala-std/CC52D50B52D4FB62/xampp/htdocs/veteran-cbt/vendor/codeigniter4/framework/system/Debug/Exceptions.php(234): include('...')
#7 /media/nirmala-std/CC52D50B52D4FB62/xampp/htdocs/veteran-cbt/vendor/codeigniter4/framework/system/Debug/Exceptions.php(237): CodeIgniter\Debug\Exceptions->CodeIgniter\Debug\{closure}()
#8 /media/nirmala-std/CC52D50B52D4FB62/xampp/htdocs/veteran-cbt/vendor/codeigniter4/framework/system/Debug/Exceptions.php(121): CodeIgniter\Debug\Exceptions->render()
#9 [internal function]: CodeIgniter\Debug\Exceptions->exceptionHandler()
#10 {main}
  thrown
#0 [internal function]: CodeIgniter\Debug\Exceptions->shutdownHandler()
#1 {main}
CRITICAL - 2022-05-30 20:07:15 --> Undefined constant "CodeIgniter\Database\MySQLi\MYSQLI_STORE_RESULT"
#0 /media/nirmala-std/CC52D50B52D4FB62/xampp/htdocs/veteran-cbt/vendor/codeigniter4/framework/system/Database/Database.php(56): CodeIgniter\Database\Database->initDriver()
#1 /media/nirmala-std/CC52D50B52D4FB62/xampp/htdocs/veteran-cbt/vendor/codeigniter4/framework/system/Database/Config.php(78): CodeIgniter\Database\Database->load()
#2 /media/nirmala-std/CC52D50B52D4FB62/xampp/htdocs/veteran-cbt/vendor/codeigniter4/framework/system/Common.php(312): CodeIgniter\Database\Config::connect()
#3 /media/nirmala-std/CC52D50B52D4FB62/xampp/htdocs/veteran-cbt/vendor/codeigniter4/framework/system/Database/MigrationRunner.php(149): db_connect()
#4 /media/nirmala-std/CC52D50B52D4FB62/xampp/htdocs/veteran-cbt/vendor/codeigniter4/framework/system/Config/Services.php(376): CodeIgniter\Database\MigrationRunner->__construct()
#5 /media/nirmala-std/CC52D50B52D4FB62/xampp/htdocs/veteran-cbt/vendor/codeigniter4/framework/system/Config/BaseService.php(248): CodeIgniter\Config\Services::migrations()
#6 /media/nirmala-std/CC52D50B52D4FB62/xampp/htdocs/veteran-cbt/vendor/codeigniter4/framework/system/Config/BaseService.php(189): CodeIgniter\Config\BaseService::__callStatic()
#7 /media/nirmala-std/CC52D50B52D4FB62/xampp/htdocs/veteran-cbt/vendor/codeigniter4/framework/system/Config/Services.php(371): CodeIgniter\Config\BaseService::getSharedInstance()
#8 /media/nirmala-std/CC52D50B52D4FB62/xampp/htdocs/veteran-cbt/vendor/codeigniter4/framework/system/Config/BaseService.php(248): CodeIgniter\Config\Services::migrations()
#9 /media/nirmala-std/CC52D50B52D4FB62/xampp/htdocs/veteran-cbt/vendor/codeigniter4/framework/system/Commands/Database/Migrate.php(69): CodeIgniter\Config\BaseService::__callStatic()
#10 /media/nirmala-std/CC52D50B52D4FB62/xampp/htdocs/veteran-cbt/vendor/codeigniter4/framework/system/CLI/Commands.php(63): CodeIgniter\Commands\Database\Migrate->run()
#11 /media/nirmala-std/CC52D50B52D4FB62/xampp/htdocs/veteran-cbt/vendor/codeigniter4/framework/system/CLI/CommandRunner.php(70): CodeIgniter\CLI\Commands->run()
#12 /media/nirmala-std/CC52D50B52D4FB62/xampp/htdocs/veteran-cbt/vendor/codeigniter4/framework/system/CLI/CommandRunner.php(56): CodeIgniter\CLI\CommandRunner->index()
#13 /media/nirmala-std/CC52D50B52D4FB62/xampp/htdocs/veteran-cbt/vendor/codeigniter4/framework/system/CodeIgniter.php(830): CodeIgniter\CLI\CommandRunner->_remap()
#14 /media/nirmala-std/CC52D50B52D4FB62/xampp/htdocs/veteran-cbt/vendor/codeigniter4/framework/system/CodeIgniter.php(419): CodeIgniter\CodeIgniter->runController()
#15 /media/nirmala-std/CC52D50B52D4FB62/xampp/htdocs/veteran-cbt/vendor/codeigniter4/framework/system/CodeIgniter.php(326): CodeIgniter\CodeIgniter->handleRequest()
#16 /media/nirmala-std/CC52D50B52D4FB62/xampp/htdocs/veteran-cbt/vendor/codeigniter4/framework/system/CLI/Console.php(48): CodeIgniter\CodeIgniter->run()
#17 /media/nirmala-std/CC52D50B52D4FB62/xampp/htdocs/veteran-cbt/spark(63): CodeIgniter\CLI\Console->run()
#18 {main}
CRITICAL - 2022-05-30 20:08:20 --> Undefined constant "CodeIgniter\Database\MySQLi\MYSQLI_STORE_RESULT"
#0 /media/nirmala-std/CC52D50B52D4FB62/xampp/htdocs/veteran-cbt/vendor/codeigniter4/framework/system/Database/Database.php(56): CodeIgniter\Database\Database->initDriver()
#1 /media/nirmala-std/CC52D50B52D4FB62/xampp/htdocs/veteran-cbt/vendor/codeigniter4/framework/system/Database/Config.php(78): CodeIgniter\Database\Database->load()
#2 /media/nirmala-std/CC52D50B52D4FB62/xampp/htdocs/veteran-cbt/vendor/codeigniter4/framework/system/Common.php(312): CodeIgniter\Database\Config::connect()
#3 /media/nirmala-std/CC52D50B52D4FB62/xampp/htdocs/veteran-cbt/vendor/codeigniter4/framework/system/Database/MigrationRunner.php(149): db_connect()
#4 /media/nirmala-std/CC52D50B52D4FB62/xampp/htdocs/veteran-cbt/vendor/codeigniter4/framework/system/Config/Services.php(376): CodeIgniter\Database\MigrationRunner->__construct()
#5 /media/nirmala-std/CC52D50B52D4FB62/xampp/htdocs/veteran-cbt/vendor/codeigniter4/framework/system/Config/BaseService.php(248): CodeIgniter\Config\Services::migrations()
#6 /media/nirmala-std/CC52D50B52D4FB62/xampp/htdocs/veteran-cbt/vendor/codeigniter4/framework/system/Config/BaseService.php(189): CodeIgniter\Config\BaseService::__callStatic()
#7 /media/nirmala-std/CC52D50B52D4FB62/xampp/htdocs/veteran-cbt/vendor/codeigniter4/framework/system/Config/Services.php(371): CodeIgniter\Config\BaseService::getSharedInstance()
#8 /media/nirmala-std/CC52D50B52D4FB62/xampp/htdocs/veteran-cbt/vendor/codeigniter4/framework/system/Config/BaseService.php(248): CodeIgniter\Config\Services::migrations()
#9 /media/nirmala-std/CC52D50B52D4FB62/xampp/htdocs/veteran-cbt/vendor/codeigniter4/framework/system/Commands/Database/Migrate.php(69): CodeIgniter\Config\BaseService::__callStatic()
#10 /media/nirmala-std/CC52D50B52D4FB62/xampp/htdocs/veteran-cbt/vendor/codeigniter4/framework/system/CLI/Commands.php(63): CodeIgniter\Commands\Database\Migrate->run()
#11 /media/nirmala-std/CC52D50B52D4FB62/xampp/htdocs/veteran-cbt/vendor/codeigniter4/framework/system/CLI/CommandRunner.php(70): CodeIgniter\CLI\Commands->run()
#12 /media/nirmala-std/CC52D50B52D4FB62/xampp/htdocs/veteran-cbt/vendor/codeigniter4/framework/system/CLI/CommandRunner.php(56): CodeIgniter\CLI\CommandRunner->index()
#13 /media/nirmala-std/CC52D50B52D4FB62/xampp/htdocs/veteran-cbt/vendor/codeigniter4/framework/system/CodeIgniter.php(830): CodeIgniter\CLI\CommandRunner->_remap()
#14 /media/nirmala-std/CC52D50B52D4FB62/xampp/htdocs/veteran-cbt/vendor/codeigniter4/framework/system/CodeIgniter.php(419): CodeIgniter\CodeIgniter->runController()
#15 /media/nirmala-std/CC52D50B52D4FB62/xampp/htdocs/veteran-cbt/vendor/codeigniter4/framework/system/CodeIgniter.php(326): CodeIgniter\CodeIgniter->handleRequest()
#16 /media/nirmala-std/CC52D50B52D4FB62/xampp/htdocs/veteran-cbt/vendor/codeigniter4/framework/system/CLI/Console.php(48): CodeIgniter\CodeIgniter->run()
#17 /media/nirmala-std/CC52D50B52D4FB62/xampp/htdocs/veteran-cbt/spark(63): CodeIgniter\CLI\Console->run()
#18 {main}
CRITICAL - 2022-05-30 20:16:24 --> Undefined constant "CodeIgniter\Database\MySQLi\MYSQLI_STORE_RESULT"
#0 /media/nirmala-std/CC52D50B52D4FB62/xampp/htdocs/veteran-cbt/vendor/codeigniter4/framework/system/Database/Database.php(56): CodeIgniter\Database\Database->initDriver()
#1 /media/nirmala-std/CC52D50B52D4FB62/xampp/htdocs/veteran-cbt/vendor/codeigniter4/framework/system/Database/Config.php(78): CodeIgniter\Database\Database->load()
#2 /media/nirmala-std/CC52D50B52D4FB62/xampp/htdocs/veteran-cbt/vendor/codeigniter4/framework/system/Common.php(312): CodeIgniter\Database\Config::connect()
#3 /media/nirmala-std/CC52D50B52D4FB62/xampp/htdocs/veteran-cbt/vendor/codeigniter4/framework/system/Database/MigrationRunner.php(149): db_connect()
#4 /media/nirmala-std/CC52D50B52D4FB62/xampp/htdocs/veteran-cbt/vendor/codeigniter4/framework/system/Config/Services.php(376): CodeIgniter\Database\MigrationRunner->__construct()
#5 /media/nirmala-std/CC52D50B52D4FB62/xampp/htdocs/veteran-cbt/vendor/codeigniter4/framework/system/Config/BaseService.php(248): CodeIgniter\Config\Services::migrations()
#6 /media/nirmala-std/CC52D50B52D4FB62/xampp/htdocs/veteran-cbt/vendor/codeigniter4/framework/system/Config/BaseService.php(189): CodeIgniter\Config\BaseService::__callStatic()
#7 /media/nirmala-std/CC52D50B52D4FB62/xampp/htdocs/veteran-cbt/vendor/codeigniter4/framework/system/Config/Services.php(371): CodeIgniter\Config\BaseService::getSharedInstance()
#8 /media/nirmala-std/CC52D50B52D4FB62/xampp/htdocs/veteran-cbt/vendor/codeigniter4/framework/system/Config/BaseService.php(248): CodeIgniter\Config\Services::migrations()
#9 /media/nirmala-std/CC52D50B52D4FB62/xampp/htdocs/veteran-cbt/vendor/codeigniter4/framework/system/Commands/Database/Migrate.php(69): CodeIgniter\Config\BaseService::__callStatic()
#10 /media/nirmala-std/CC52D50B52D4FB62/xampp/htdocs/veteran-cbt/vendor/codeigniter4/framework/system/CLI/Commands.php(63): CodeIgniter\Commands\Database\Migrate->run()
#11 /media/nirmala-std/CC52D50B52D4FB62/xampp/htdocs/veteran-cbt/vendor/codeigniter4/framework/system/CLI/CommandRunner.php(70): CodeIgniter\CLI\Commands->run()
#12 /media/nirmala-std/CC52D50B52D4FB62/xampp/htdocs/veteran-cbt/vendor/codeigniter4/framework/system/CLI/CommandRunner.php(56): CodeIgniter\CLI\CommandRunner->index()
#13 /media/nirmala-std/CC52D50B52D4FB62/xampp/htdocs/veteran-cbt/vendor/codeigniter4/framework/system/CodeIgniter.php(830): CodeIgniter\CLI\CommandRunner->_remap()
#14 /media/nirmala-std/CC52D50B52D4FB62/xampp/htdocs/veteran-cbt/vendor/codeigniter4/framework/system/CodeIgniter.php(419): CodeIgniter\CodeIgniter->runController()
#15 /media/nirmala-std/CC52D50B52D4FB62/xampp/htdocs/veteran-cbt/vendor/codeigniter4/framework/system/CodeIgniter.php(326): CodeIgniter\CodeIgniter->handleRequest()
#16 /media/nirmala-std/CC52D50B52D4FB62/xampp/htdocs/veteran-cbt/vendor/codeigniter4/framework/system/CLI/Console.php(48): CodeIgniter\CodeIgniter->run()
#17 /media/nirmala-std/CC52D50B52D4FB62/xampp/htdocs/veteran-cbt/spark(63): CodeIgniter\CLI\Console->run()
#18 {main}
ERROR - 2022-05-30 20:21:55 --> Error connecting to the database: No such file or directory
ERROR - 2022-05-30 20:26:11 --> Error connecting to the database: No such file or directory
ERROR - 2022-05-30 20:32:09 --> Error connecting to the database: No such file or directory
ERROR - 2022-05-30 20:47:01 --> Error connecting to the database: Access denied for user '****'@'localhost' (using password: YES)
ERROR - 2022-05-30 20:47:24 --> Error connecting to the database: Class "SQLite3" not found
ERROR - 2022-05-30 20:50:13 --> Error connecting to the database: Class "SQLite3" not found
ERROR - 2022-05-30 20:50:38 --> Error connecting to the database: Class "SQLite3" not found
CRITICAL - 2022-05-30 21:58:10 --> Undefined constant "CodeIgniter\Database\MySQLi\MYSQLI_STORE_RESULT"
#0 /media/nirmala-std/CC52D50B52D4FB62/xampp/htdocs/veteran-cbt/vendor/codeigniter4/framework/system/Database/Database.php(56): CodeIgniter\Database\Database->initDriver()
#1 /media/nirmala-std/CC52D50B52D4FB62/xampp/htdocs/veteran-cbt/vendor/codeigniter4/framework/system/Database/Config.php(78): CodeIgniter\Database\Database->load()
#2 /media/nirmala-std/CC52D50B52D4FB62/xampp/htdocs/veteran-cbt/vendor/codeigniter4/framework/system/Model.php(97): CodeIgniter\Database\Config::connect()
#3 /media/nirmala-std/CC52D50B52D4FB62/xampp/htdocs/veteran-cbt/vendor/codeigniter4/framework/system/Config/Factories.php(110): CodeIgniter\Model->__construct()
#4 /media/nirmala-std/CC52D50B52D4FB62/xampp/htdocs/veteran-cbt/vendor/codeigniter4/framework/system/Common.php(780): CodeIgniter\Config\Factories::__callStatic()
#5 /media/nirmala-std/CC52D50B52D4FB62/xampp/htdocs/veteran-cbt/vendor/myth/auth/src/Config/Services.php(27): model()
#6 /media/nirmala-std/CC52D50B52D4FB62/xampp/htdocs/veteran-cbt/vendor/codeigniter4/framework/system/Config/BaseService.php(248): Myth\Auth\Config\Services::authentication()
#7 /media/nirmala-std/CC52D50B52D4FB62/xampp/htdocs/veteran-cbt/vendor/codeigniter4/framework/system/Config/BaseService.php(189): CodeIgniter\Config\BaseService::__callStatic()
#8 /media/nirmala-std/CC52D50B52D4FB62/xampp/htdocs/veteran-cbt/vendor/myth/auth/src/Config/Services.php(24): CodeIgniter\Config\BaseService::getSharedInstance()
#9 /media/nirmala-std/CC52D50B52D4FB62/xampp/htdocs/veteran-cbt/vendor/codeigniter4/framework/system/Config/BaseService.php(248): Myth\Auth\Config\Services::authentication()
#10 /media/nirmala-std/CC52D50B52D4FB62/xampp/htdocs/veteran-cbt/vendor/codeigniter4/framework/system/Common.php(929): CodeIgniter\Config\BaseService::__callStatic()
#11 /media/nirmala-std/CC52D50B52D4FB62/xampp/htdocs/veteran-cbt/vendor/myth/auth/src/Filters/LoginFilter.php(44): service()
#12 /media/nirmala-std/CC52D50B52D4FB62/xampp/htdocs/veteran-cbt/vendor/codeigniter4/framework/system/Filters/Filters.php(173): Myth\Auth\Filters\LoginFilter->before()
#13 /media/nirmala-std/CC52D50B52D4FB62/xampp/htdocs/veteran-cbt/vendor/codeigniter4/framework/system/CodeIgniter.php(393): CodeIgniter\Filters\Filters->run()
#14 /media/nirmala-std/CC52D50B52D4FB62/xampp/htdocs/veteran-cbt/vendor/codeigniter4/framework/system/CodeIgniter.php(326): CodeIgniter\CodeIgniter->handleRequest()
#15 /media/nirmala-std/CC52D50B52D4FB62/xampp/htdocs/veteran-cbt/public/index.php(37): CodeIgniter\CodeIgniter->run()
#16 /media/nirmala-std/CC52D50B52D4FB62/xampp/htdocs/veteran-cbt/vendor/codeigniter4/framework/system/Commands/Server/rewrite.php(43): require_once('...')
#17 {main}
CRITICAL - 2022-05-30 22:02:28 --> Undefined constant "CodeIgniter\Database\MySQLi\MYSQLI_STORE_RESULT"
#0 /media/nirmala-std/CC52D50B52D4FB62/xampp/htdocs/veteran-cbt/vendor/codeigniter4/framework/system/Database/Database.php(56): CodeIgniter\Database\Database->initDriver()
#1 /media/nirmala-std/CC52D50B52D4FB62/xampp/htdocs/veteran-cbt/vendor/codeigniter4/framework/system/Database/Config.php(78): CodeIgniter\Database\Database->load()
#2 /media/nirmala-std/CC52D50B52D4FB62/xampp/htdocs/veteran-cbt/vendor/codeigniter4/framework/system/Model.php(97): CodeIgniter\Database\Config::connect()
#3 /media/nirmala-std/CC52D50B52D4FB62/xampp/htdocs/veteran-cbt/vendor/codeigniter4/framework/system/Config/Factories.php(110): CodeIgniter\Model->__construct()
#4 /media/nirmala-std/CC52D50B52D4FB62/xampp/htdocs/veteran-cbt/vendor/codeigniter4/framework/system/Common.php(780): CodeIgniter\Config\Factories::__callStatic()
#5 /media/nirmala-std/CC52D50B52D4FB62/xampp/htdocs/veteran-cbt/vendor/myth/auth/src/Config/Services.php(27): model()
#6 /media/nirmala-std/CC52D50B52D4FB62/xampp/htdocs/veteran-cbt/vendor/codeigniter4/framework/system/Config/BaseService.php(248): Myth\Auth\Config\Services::authentication()
#7 /media/nirmala-std/CC52D50B52D4FB62/xampp/htdocs/veteran-cbt/vendor/codeigniter4/framework/system/Config/BaseService.php(189): CodeIgniter\Config\BaseService::__callStatic()
#8 /media/nirmala-std/CC52D50B52D4FB62/xampp/htdocs/veteran-cbt/vendor/myth/auth/src/Config/Services.php(24): CodeIgniter\Config\BaseService::getSharedInstance()
#9 /media/nirmala-std/CC52D50B52D4FB62/xampp/htdocs/veteran-cbt/vendor/codeigniter4/framework/system/Config/BaseService.php(248): Myth\Auth\Config\Services::authentication()
#10 /media/nirmala-std/CC52D50B52D4FB62/xampp/htdocs/veteran-cbt/vendor/codeigniter4/framework/system/Common.php(929): CodeIgniter\Config\BaseService::__callStatic()
#11 /media/nirmala-std/CC52D50B52D4FB62/xampp/htdocs/veteran-cbt/vendor/myth/auth/src/Filters/LoginFilter.php(44): service()
#12 /media/nirmala-std/CC52D50B52D4FB62/xampp/htdocs/veteran-cbt/vendor/codeigniter4/framework/system/Filters/Filters.php(173): Myth\Auth\Filters\LoginFilter->before()
#13 /media/nirmala-std/CC52D50B52D4FB62/xampp/htdocs/veteran-cbt/vendor/codeigniter4/framework/system/CodeIgniter.php(393): CodeIgniter\Filters\Filters->run()
#14 /media/nirmala-std/CC52D50B52D4FB62/xampp/htdocs/veteran-cbt/vendor/codeigniter4/framework/system/CodeIgniter.php(326): CodeIgniter\CodeIgniter->handleRequest()
#15 /media/nirmala-std/CC52D50B52D4FB62/xampp/htdocs/veteran-cbt/public/index.php(37): CodeIgniter\CodeIgniter->run()
#16 /media/nirmala-std/CC52D50B52D4FB62/xampp/htdocs/veteran-cbt/vendor/codeigniter4/framework/system/Commands/Server/rewrite.php(43): require_once('...')
#17 {main}
CRITICAL - 2022-05-30 22:14:50 --> Undefined constant "CodeIgniter\Database\MySQLi\MYSQLI_STORE_RESULT"
#0 /media/nirmala-std/CC52D50B52D4FB62/xampp/htdocs/veteran-cbt/vendor/codeigniter4/framework/system/Database/Database.php(56): CodeIgniter\Database\Database->initDriver()
#1 /media/nirmala-std/CC52D50B52D4FB62/xampp/htdocs/veteran-cbt/vendor/codeigniter4/framework/system/Database/Config.php(78): CodeIgniter\Database\Database->load()
#2 /media/nirmala-std/CC52D50B52D4FB62/xampp/htdocs/veteran-cbt/vendor/codeigniter4/framework/system/Model.php(97): CodeIgniter\Database\Config::connect()
#3 /media/nirmala-std/CC52D50B52D4FB62/xampp/htdocs/veteran-cbt/vendor/codeigniter4/framework/system/Config/Factories.php(110): CodeIgniter\Model->__construct()
#4 /media/nirmala-std/CC52D50B52D4FB62/xampp/htdocs/veteran-cbt/vendor/codeigniter4/framework/system/Common.php(780): CodeIgniter\Config\Factories::__callStatic()
#5 /media/nirmala-std/CC52D50B52D4FB62/xampp/htdocs/veteran-cbt/vendor/myth/auth/src/Config/Services.php(27): model()
#6 /media/nirmala-std/CC52D50B52D4FB62/xampp/htdocs/veteran-cbt/vendor/codeigniter4/framework/system/Config/BaseService.php(248): Myth\Auth\Config\Services::authentication()
#7 /media/nirmala-std/CC52D50B52D4FB62/xampp/htdocs/veteran-cbt/vendor/codeigniter4/framework/system/Config/BaseService.php(189): CodeIgniter\Config\BaseService::__callStatic()
#8 /media/nirmala-std/CC52D50B52D4FB62/xampp/htdocs/veteran-cbt/vendor/myth/auth/src/Config/Services.php(24): CodeIgniter\Config\BaseService::getSharedInstance()
#9 /media/nirmala-std/CC52D50B52D4FB62/xampp/htdocs/veteran-cbt/vendor/codeigniter4/framework/system/Config/BaseService.php(248): Myth\Auth\Config\Services::authentication()
#10 /media/nirmala-std/CC52D50B52D4FB62/xampp/htdocs/veteran-cbt/vendor/codeigniter4/framework/system/Common.php(929): CodeIgniter\Config\BaseService::__callStatic()
#11 /media/nirmala-std/CC52D50B52D4FB62/xampp/htdocs/veteran-cbt/vendor/myth/auth/src/Filters/LoginFilter.php(44): service()
#12 /media/nirmala-std/CC52D50B52D4FB62/xampp/htdocs/veteran-cbt/vendor/codeigniter4/framework/system/Filters/Filters.php(173): Myth\Auth\Filters\LoginFilter->before()
#13 /media/nirmala-std/CC52D50B52D4FB62/xampp/htdocs/veteran-cbt/vendor/codeigniter4/framework/system/CodeIgniter.php(393): CodeIgniter\Filters\Filters->run()
#14 /media/nirmala-std/CC52D50B52D4FB62/xampp/htdocs/veteran-cbt/vendor/codeigniter4/framework/system/CodeIgniter.php(326): CodeIgniter\CodeIgniter->handleRequest()
#15 /media/nirmala-std/CC52D50B52D4FB62/xampp/htdocs/veteran-cbt/public/index.php(37): CodeIgniter\CodeIgniter->run()
#16 /media/nirmala-std/CC52D50B52D4FB62/xampp/htdocs/veteran-cbt/vendor/codeigniter4/framework/system/Commands/Server/rewrite.php(43): require_once('...')
#17 {main}
CRITICAL - 2022-05-30 22:14:51 --> Undefined constant "CodeIgniter\Database\MySQLi\MYSQLI_STORE_RESULT"
#0 /media/nirmala-std/CC52D50B52D4FB62/xampp/htdocs/veteran-cbt/vendor/codeigniter4/framework/system/Database/Database.php(56): CodeIgniter\Database\Database->initDriver()
#1 /media/nirmala-std/CC52D50B52D4FB62/xampp/htdocs/veteran-cbt/vendor/codeigniter4/framework/system/Database/Config.php(78): CodeIgniter\Database\Database->load()
#2 /media/nirmala-std/CC52D50B52D4FB62/xampp/htdocs/veteran-cbt/vendor/codeigniter4/framework/system/Model.php(97): CodeIgniter\Database\Config::connect()
#3 /media/nirmala-std/CC52D50B52D4FB62/xampp/htdocs/veteran-cbt/vendor/codeigniter4/framework/system/Config/Factories.php(110): CodeIgniter\Model->__construct()
#4 /media/nirmala-std/CC52D50B52D4FB62/xampp/htdocs/veteran-cbt/vendor/codeigniter4/framework/system/Common.php(780): CodeIgniter\Config\Factories::__callStatic()
#5 /media/nirmala-std/CC52D50B52D4FB62/xampp/htdocs/veteran-cbt/vendor/myth/auth/src/Config/Services.php(27): model()
#6 /media/nirmala-std/CC52D50B52D4FB62/xampp/htdocs/veteran-cbt/vendor/codeigniter4/framework/system/Config/BaseService.php(248): Myth\Auth\Config\Services::authentication()
#7 /media/nirmala-std/CC52D50B52D4FB62/xampp/htdocs/veteran-cbt/vendor/codeigniter4/framework/system/Config/BaseService.php(189): CodeIgniter\Config\BaseService::__callStatic()
#8 /media/nirmala-std/CC52D50B52D4FB62/xampp/htdocs/veteran-cbt/vendor/myth/auth/src/Config/Services.php(24): CodeIgniter\Config\BaseService::getSharedInstance()
#9 /media/nirmala-std/CC52D50B52D4FB62/xampp/htdocs/veteran-cbt/vendor/codeigniter4/framework/system/Config/BaseService.php(248): Myth\Auth\Config\Services::authentication()
#10 /media/nirmala-std/CC52D50B52D4FB62/xampp/htdocs/veteran-cbt/vendor/codeigniter4/framework/system/Common.php(929): CodeIgniter\Config\BaseService::__callStatic()
#11 /media/nirmala-std/CC52D50B52D4FB62/xampp/htdocs/veteran-cbt/vendor/myth/auth/src/Filters/LoginFilter.php(44): service()
#12 /media/nirmala-std/CC52D50B52D4FB62/xampp/htdocs/veteran-cbt/vendor/codeigniter4/framework/system/Filters/Filters.php(173): Myth\Auth\Filters\LoginFilter->before()
#13 /media/nirmala-std/CC52D50B52D4FB62/xampp/htdocs/veteran-cbt/vendor/codeigniter4/framework/system/CodeIgniter.php(393): CodeIgniter\Filters\Filters->run()
#14 /media/nirmala-std/CC52D50B52D4FB62/xampp/htdocs/veteran-cbt/vendor/codeigniter4/framework/system/CodeIgniter.php(326): CodeIgniter\CodeIgniter->handleRequest()
#15 /media/nirmala-std/CC52D50B52D4FB62/xampp/htdocs/veteran-cbt/public/index.php(37): CodeIgniter\CodeIgniter->run()
#16 /media/nirmala-std/CC52D50B52D4FB62/xampp/htdocs/veteran-cbt/vendor/codeigniter4/framework/system/Commands/Server/rewrite.php(43): require_once('...')
#17 {main}
CRITICAL - 2022-05-30 22:14:51 --> Undefined constant "CodeIgniter\Database\MySQLi\MYSQLI_STORE_RESULT"
#0 /media/nirmala-std/CC52D50B52D4FB62/xampp/htdocs/veteran-cbt/vendor/codeigniter4/framework/system/Database/Database.php(56): CodeIgniter\Database\Database->initDriver()
#1 /media/nirmala-std/CC52D50B52D4FB62/xampp/htdocs/veteran-cbt/vendor/codeigniter4/framework/system/Database/Config.php(78): CodeIgniter\Database\Database->load()
#2 /media/nirmala-std/CC52D50B52D4FB62/xampp/htdocs/veteran-cbt/vendor/codeigniter4/framework/system/Model.php(97): CodeIgniter\Database\Config::connect()
#3 /media/nirmala-std/CC52D50B52D4FB62/xampp/htdocs/veteran-cbt/vendor/codeigniter4/framework/system/Config/Factories.php(110): CodeIgniter\Model->__construct()
#4 /media/nirmala-std/CC52D50B52D4FB62/xampp/htdocs/veteran-cbt/vendor/codeigniter4/framework/system/Common.php(780): CodeIgniter\Config\Factories::__callStatic()
#5 /media/nirmala-std/CC52D50B52D4FB62/xampp/htdocs/veteran-cbt/vendor/myth/auth/src/Config/Services.php(27): model()
#6 /media/nirmala-std/CC52D50B52D4FB62/xampp/htdocs/veteran-cbt/vendor/codeigniter4/framework/system/Config/BaseService.php(248): Myth\Auth\Config\Services::authentication()
#7 /media/nirmala-std/CC52D50B52D4FB62/xampp/htdocs/veteran-cbt/vendor/codeigniter4/framework/system/Config/BaseService.php(189): CodeIgniter\Config\BaseService::__callStatic()
#8 /media/nirmala-std/CC52D50B52D4FB62/xampp/htdocs/veteran-cbt/vendor/myth/auth/src/Config/Services.php(24): CodeIgniter\Config\BaseService::getSharedInstance()
#9 /media/nirmala-std/CC52D50B52D4FB62/xampp/htdocs/veteran-cbt/vendor/codeigniter4/framework/system/Config/BaseService.php(248): Myth\Auth\Config\Services::authentication()
#10 /media/nirmala-std/CC52D50B52D4FB62/xampp/htdocs/veteran-cbt/vendor/codeigniter4/framework/system/Common.php(929): CodeIgniter\Config\BaseService::__callStatic()
#11 /media/nirmala-std/CC52D50B52D4FB62/xampp/htdocs/veteran-cbt/vendor/myth/auth/src/Filters/LoginFilter.php(44): service()
#12 /media/nirmala-std/CC52D50B52D4FB62/xampp/htdocs/veteran-cbt/vendor/codeigniter4/framework/system/Filters/Filters.php(173): Myth\Auth\Filters\LoginFilter->before()
#13 /media/nirmala-std/CC52D50B52D4FB62/xampp/htdocs/veteran-cbt/vendor/codeigniter4/framework/system/CodeIgniter.php(393): CodeIgniter\Filters\Filters->run()
#14 /media/nirmala-std/CC52D50B52D4FB62/xampp/htdocs/veteran-cbt/vendor/codeigniter4/framework/system/CodeIgniter.php(326): CodeIgniter\CodeIgniter->handleRequest()
#15 /media/nirmala-std/CC52D50B52D4FB62/xampp/htdocs/veteran-cbt/public/index.php(37): CodeIgniter\CodeIgniter->run()
#16 /media/nirmala-std/CC52D50B52D4FB62/xampp/htdocs/veteran-cbt/vendor/codeigniter4/framework/system/Commands/Server/rewrite.php(43): require_once('...')
#17 {main}
CRITICAL - 2022-05-30 22:15:06 --> Undefined constant "CodeIgniter\Database\MySQLi\MYSQLI_STORE_RESULT"
#0 /media/nirmala-std/CC52D50B52D4FB62/xampp/htdocs/veteran-cbt/vendor/codeigniter4/framework/system/Database/Database.php(56): CodeIgniter\Database\Database->initDriver()
#1 /media/nirmala-std/CC52D50B52D4FB62/xampp/htdocs/veteran-cbt/vendor/codeigniter4/framework/system/Database/Config.php(78): CodeIgniter\Database\Database->load()
#2 /media/nirmala-std/CC52D50B52D4FB62/xampp/htdocs/veteran-cbt/vendor/codeigniter4/framework/system/Model.php(97): CodeIgniter\Database\Config::connect()
#3 /media/nirmala-std/CC52D50B52D4FB62/xampp/htdocs/veteran-cbt/vendor/codeigniter4/framework/system/Config/Factories.php(110): CodeIgniter\Model->__construct()
#4 /media/nirmala-std/CC52D50B52D4FB62/xampp/htdocs/veteran-cbt/vendor/codeigniter4/framework/system/Common.php(780): CodeIgniter\Config\Factories::__callStatic()
#5 /media/nirmala-std/CC52D50B52D4FB62/xampp/htdocs/veteran-cbt/vendor/myth/auth/src/Config/Services.php(27): model()
#6 /media/nirmala-std/CC52D50B52D4FB62/xampp/htdocs/veteran-cbt/vendor/codeigniter4/framework/system/Config/BaseService.php(248): Myth\Auth\Config\Services::authentication()
#7 /media/nirmala-std/CC52D50B52D4FB62/xampp/htdocs/veteran-cbt/vendor/codeigniter4/framework/system/Config/BaseService.php(189): CodeIgniter\Config\BaseService::__callStatic()
#8 /media/nirmala-std/CC52D50B52D4FB62/xampp/htdocs/veteran-cbt/vendor/myth/auth/src/Config/Services.php(24): CodeIgniter\Config\BaseService::getSharedInstance()
#9 /media/nirmala-std/CC52D50B52D4FB62/xampp/htdocs/veteran-cbt/vendor/codeigniter4/framework/system/Config/BaseService.php(248): Myth\Auth\Config\Services::authentication()
#10 /media/nirmala-std/CC52D50B52D4FB62/xampp/htdocs/veteran-cbt/vendor/codeigniter4/framework/system/Common.php(929): CodeIgniter\Config\BaseService::__callStatic()
#11 /media/nirmala-std/CC52D50B52D4FB62/xampp/htdocs/veteran-cbt/vendor/myth/auth/src/Filters/LoginFilter.php(44): service()
#12 /media/nirmala-std/CC52D50B52D4FB62/xampp/htdocs/veteran-cbt/vendor/codeigniter4/framework/system/Filters/Filters.php(173): Myth\Auth\Filters\LoginFilter->before()
#13 /media/nirmala-std/CC52D50B52D4FB62/xampp/htdocs/veteran-cbt/vendor/codeigniter4/framework/system/CodeIgniter.php(393): CodeIgniter\Filters\Filters->run()
#14 /media/nirmala-std/CC52D50B52D4FB62/xampp/htdocs/veteran-cbt/vendor/codeigniter4/framework/system/CodeIgniter.php(326): CodeIgniter\CodeIgniter->handleRequest()
#15 /media/nirmala-std/CC52D50B52D4FB62/xampp/htdocs/veteran-cbt/public/index.php(37): CodeIgniter\CodeIgniter->run()
#16 /media/nirmala-std/CC52D50B52D4FB62/xampp/htdocs/veteran-cbt/vendor/codeigniter4/framework/system/Commands/Server/rewrite.php(43): require_once('...')
#17 {main}
