CRITICAL - 2022-05-31 03:51:16 --> Invalid file: ../../app/Views/admin.php
#0 /media/nirmala-std/CC52D50B52D4FB62/xampp/htdocs/veteran-cbt/vendor/codeigniter4/framework/system/View/View.php(198): CodeIgniter\Exceptions\FrameworkException::forInvalidFile()
#1 /media/nirmala-std/CC52D50B52D4FB62/xampp/htdocs/veteran-cbt/vendor/codeigniter4/framework/system/Common.php(1089): CodeIgniter\View\View->render()
#2 /media/nirmala-std/CC52D50B52D4FB62/xampp/htdocs/veteran-cbt/vendor/myth/auth/src/Controllers/AuthController.php(429): view()
#3 /media/nirmala-std/CC52D50B52D4FB62/xampp/htdocs/veteran-cbt/vendor/myth/auth/src/Controllers/AuthController.php(57): Myth\Auth\Controllers\AuthController->_render()
#4 /media/nirmala-std/CC52D50B52D4FB62/xampp/htdocs/veteran-cbt/vendor/codeigniter4/framework/system/CodeIgniter.php(832): Myth\Auth\Controllers\AuthController->login()
#5 /media/nirmala-std/CC52D50B52D4FB62/xampp/htdocs/veteran-cbt/vendor/codeigniter4/framework/system/CodeIgniter.php(419): CodeIgniter\CodeIgniter->runController()
#6 /media/nirmala-std/CC52D50B52D4FB62/xampp/htdocs/veteran-cbt/vendor/codeigniter4/framework/system/CodeIgniter.php(326): CodeIgniter\CodeIgniter->handleRequest()
#7 /media/nirmala-std/CC52D50B52D4FB62/xampp/htdocs/veteran-cbt/public/index.php(37): CodeIgniter\CodeIgniter->run()
#8 /media/nirmala-std/CC52D50B52D4FB62/xampp/htdocs/veteran-cbt/vendor/codeigniter4/framework/system/Commands/Server/rewrite.php(43): require_once('...')
#9 {main}
CRITICAL - 2022-05-31 03:51:39 --> Invalid file: ../app/Views/admin.php
#0 /media/nirmala-std/CC52D50B52D4FB62/xampp/htdocs/veteran-cbt/vendor/codeigniter4/framework/system/View/View.php(198): CodeIgniter\Exceptions\FrameworkException::forInvalidFile()
#1 /media/nirmala-std/CC52D50B52D4FB62/xampp/htdocs/veteran-cbt/vendor/codeigniter4/framework/system/Common.php(1089): CodeIgniter\View\View->render()
#2 /media/nirmala-std/CC52D50B52D4FB62/xampp/htdocs/veteran-cbt/vendor/myth/auth/src/Controllers/AuthController.php(429): view()
#3 /media/nirmala-std/CC52D50B52D4FB62/xampp/htdocs/veteran-cbt/vendor/myth/auth/src/Controllers/AuthController.php(57): Myth\Auth\Controllers\AuthController->_render()
#4 /media/nirmala-std/CC52D50B52D4FB62/xampp/htdocs/veteran-cbt/vendor/codeigniter4/framework/system/CodeIgniter.php(832): Myth\Auth\Controllers\AuthController->login()
#5 /media/nirmala-std/CC52D50B52D4FB62/xampp/htdocs/veteran-cbt/vendor/codeigniter4/framework/system/CodeIgniter.php(419): CodeIgniter\CodeIgniter->runController()
#6 /media/nirmala-std/CC52D50B52D4FB62/xampp/htdocs/veteran-cbt/vendor/codeigniter4/framework/system/CodeIgniter.php(326): CodeIgniter\CodeIgniter->handleRequest()
#7 /media/nirmala-std/CC52D50B52D4FB62/xampp/htdocs/veteran-cbt/public/index.php(37): CodeIgniter\CodeIgniter->run()
#8 /media/nirmala-std/CC52D50B52D4FB62/xampp/htdocs/veteran-cbt/vendor/codeigniter4/framework/system/Commands/Server/rewrite.php(43): require_once('...')
#9 {main}
CRITICAL - 2022-05-31 03:52:09 --> Invalid file: /app/Views/admin.php
#0 /media/nirmala-std/CC52D50B52D4FB62/xampp/htdocs/veteran-cbt/vendor/codeigniter4/framework/system/View/View.php(198): CodeIgniter\Exceptions\FrameworkException::forInvalidFile()
#1 /media/nirmala-std/CC52D50B52D4FB62/xampp/htdocs/veteran-cbt/vendor/codeigniter4/framework/system/Common.php(1089): CodeIgniter\View\View->render()
#2 /media/nirmala-std/CC52D50B52D4FB62/xampp/htdocs/veteran-cbt/vendor/myth/auth/src/Controllers/AuthController.php(429): view()
#3 /media/nirmala-std/CC52D50B52D4FB62/xampp/htdocs/veteran-cbt/vendor/myth/auth/src/Controllers/AuthController.php(57): Myth\Auth\Controllers\AuthController->_render()
#4 /media/nirmala-std/CC52D50B52D4FB62/xampp/htdocs/veteran-cbt/vendor/codeigniter4/framework/system/CodeIgniter.php(832): Myth\Auth\Controllers\AuthController->login()
#5 /media/nirmala-std/CC52D50B52D4FB62/xampp/htdocs/veteran-cbt/vendor/codeigniter4/framework/system/CodeIgniter.php(419): CodeIgniter\CodeIgniter->runController()
#6 /media/nirmala-std/CC52D50B52D4FB62/xampp/htdocs/veteran-cbt/vendor/codeigniter4/framework/system/CodeIgniter.php(326): CodeIgniter\CodeIgniter->handleRequest()
#7 /media/nirmala-std/CC52D50B52D4FB62/xampp/htdocs/veteran-cbt/public/index.php(37): CodeIgniter\CodeIgniter->run()
#8 /media/nirmala-std/CC52D50B52D4FB62/xampp/htdocs/veteran-cbt/vendor/codeigniter4/framework/system/Commands/Server/rewrite.php(43): require_once('...')
#9 {main}
CRITICAL - 2022-05-31 03:52:51 --> Invalid file: ..\..\app\Views\admin
#0 /media/nirmala-std/CC52D50B52D4FB62/xampp/htdocs/veteran-cbt/vendor/codeigniter4/framework/system/View/View.php(198): CodeIgniter\Exceptions\FrameworkException::forInvalidFile()
#1 /media/nirmala-std/CC52D50B52D4FB62/xampp/htdocs/veteran-cbt/vendor/codeigniter4/framework/system/Common.php(1089): CodeIgniter\View\View->render()
#2 /media/nirmala-std/CC52D50B52D4FB62/xampp/htdocs/veteran-cbt/vendor/myth/auth/src/Controllers/AuthController.php(429): view()
#3 /media/nirmala-std/CC52D50B52D4FB62/xampp/htdocs/veteran-cbt/vendor/myth/auth/src/Controllers/AuthController.php(57): Myth\Auth\Controllers\AuthController->_render()
#4 /media/nirmala-std/CC52D50B52D4FB62/xampp/htdocs/veteran-cbt/vendor/codeigniter4/framework/system/CodeIgniter.php(832): Myth\Auth\Controllers\AuthController->login()
#5 /media/nirmala-std/CC52D50B52D4FB62/xampp/htdocs/veteran-cbt/vendor/codeigniter4/framework/system/CodeIgniter.php(419): CodeIgniter\CodeIgniter->runController()
#6 /media/nirmala-std/CC52D50B52D4FB62/xampp/htdocs/veteran-cbt/vendor/codeigniter4/framework/system/CodeIgniter.php(326): CodeIgniter\CodeIgniter->handleRequest()
#7 /media/nirmala-std/CC52D50B52D4FB62/xampp/htdocs/veteran-cbt/public/index.php(37): CodeIgniter\CodeIgniter->run()
#8 /media/nirmala-std/CC52D50B52D4FB62/xampp/htdocs/veteran-cbt/vendor/codeigniter4/framework/system/Commands/Server/rewrite.php(43): require_once('...')
#9 {main}
CRITICAL - 2022-05-31 03:53:23 --> Invalid file: \App/Views/admin.php
#0 /media/nirmala-std/CC52D50B52D4FB62/xampp/htdocs/veteran-cbt/vendor/codeigniter4/framework/system/View/View.php(198): CodeIgniter\Exceptions\FrameworkException::forInvalidFile()
#1 /media/nirmala-std/CC52D50B52D4FB62/xampp/htdocs/veteran-cbt/vendor/codeigniter4/framework/system/Common.php(1089): CodeIgniter\View\View->render()
#2 /media/nirmala-std/CC52D50B52D4FB62/xampp/htdocs/veteran-cbt/vendor/myth/auth/src/Controllers/AuthController.php(429): view()
#3 /media/nirmala-std/CC52D50B52D4FB62/xampp/htdocs/veteran-cbt/vendor/myth/auth/src/Controllers/AuthController.php(57): Myth\Auth\Controllers\AuthController->_render()
#4 /media/nirmala-std/CC52D50B52D4FB62/xampp/htdocs/veteran-cbt/vendor/codeigniter4/framework/system/CodeIgniter.php(832): Myth\Auth\Controllers\AuthController->login()
#5 /media/nirmala-std/CC52D50B52D4FB62/xampp/htdocs/veteran-cbt/vendor/codeigniter4/framework/system/CodeIgniter.php(419): CodeIgniter\CodeIgniter->runController()
#6 /media/nirmala-std/CC52D50B52D4FB62/xampp/htdocs/veteran-cbt/vendor/codeigniter4/framework/system/CodeIgniter.php(326): CodeIgniter\CodeIgniter->handleRequest()
#7 /media/nirmala-std/CC52D50B52D4FB62/xampp/htdocs/veteran-cbt/public/index.php(37): CodeIgniter\CodeIgniter->run()
#8 /media/nirmala-std/CC52D50B52D4FB62/xampp/htdocs/veteran-cbt/vendor/codeigniter4/framework/system/Commands/Server/rewrite.php(43): require_once('...')
#9 {main}
CRITICAL - 2022-05-31 03:54:29 --> Invalid file: ..\App\Views\admin
#0 /media/nirmala-std/CC52D50B52D4FB62/xampp/htdocs/veteran-cbt/vendor/codeigniter4/framework/system/View/View.php(198): CodeIgniter\Exceptions\FrameworkException::forInvalidFile()
#1 /media/nirmala-std/CC52D50B52D4FB62/xampp/htdocs/veteran-cbt/vendor/codeigniter4/framework/system/Common.php(1089): CodeIgniter\View\View->render()
#2 /media/nirmala-std/CC52D50B52D4FB62/xampp/htdocs/veteran-cbt/vendor/myth/auth/src/Controllers/AuthController.php(429): view()
#3 /media/nirmala-std/CC52D50B52D4FB62/xampp/htdocs/veteran-cbt/vendor/myth/auth/src/Controllers/AuthController.php(57): Myth\Auth\Controllers\AuthController->_render()
#4 /media/nirmala-std/CC52D50B52D4FB62/xampp/htdocs/veteran-cbt/vendor/codeigniter4/framework/system/CodeIgniter.php(832): Myth\Auth\Controllers\AuthController->login()
#5 /media/nirmala-std/CC52D50B52D4FB62/xampp/htdocs/veteran-cbt/vendor/codeigniter4/framework/system/CodeIgniter.php(419): CodeIgniter\CodeIgniter->runController()
#6 /media/nirmala-std/CC52D50B52D4FB62/xampp/htdocs/veteran-cbt/vendor/codeigniter4/framework/system/CodeIgniter.php(326): CodeIgniter\CodeIgniter->handleRequest()
#7 /media/nirmala-std/CC52D50B52D4FB62/xampp/htdocs/veteran-cbt/public/index.php(37): CodeIgniter\CodeIgniter->run()
#8 /media/nirmala-std/CC52D50B52D4FB62/xampp/htdocs/veteran-cbt/vendor/codeigniter4/framework/system/Commands/Server/rewrite.php(43): require_once('...')
#9 {main}
CRITICAL - 2022-05-31 03:57:12 --> Invalid file: App\Views\Auth\login.php
#0 /media/nirmala-std/CC52D50B52D4FB62/xampp/htdocs/veteran-cbt/vendor/codeigniter4/framework/system/View/View.php(198): CodeIgniter\Exceptions\FrameworkException::forInvalidFile()
#1 /media/nirmala-std/CC52D50B52D4FB62/xampp/htdocs/veteran-cbt/vendor/codeigniter4/framework/system/Common.php(1089): CodeIgniter\View\View->render()
#2 /media/nirmala-std/CC52D50B52D4FB62/xampp/htdocs/veteran-cbt/vendor/myth/auth/src/Controllers/AuthController.php(429): view()
#3 /media/nirmala-std/CC52D50B52D4FB62/xampp/htdocs/veteran-cbt/vendor/myth/auth/src/Controllers/AuthController.php(57): Myth\Auth\Controllers\AuthController->_render()
#4 /media/nirmala-std/CC52D50B52D4FB62/xampp/htdocs/veteran-cbt/vendor/codeigniter4/framework/system/CodeIgniter.php(832): Myth\Auth\Controllers\AuthController->login()
#5 /media/nirmala-std/CC52D50B52D4FB62/xampp/htdocs/veteran-cbt/vendor/codeigniter4/framework/system/CodeIgniter.php(419): CodeIgniter\CodeIgniter->runController()
#6 /media/nirmala-std/CC52D50B52D4FB62/xampp/htdocs/veteran-cbt/vendor/codeigniter4/framework/system/CodeIgniter.php(326): CodeIgniter\CodeIgniter->handleRequest()
#7 /media/nirmala-std/CC52D50B52D4FB62/xampp/htdocs/veteran-cbt/public/index.php(37): CodeIgniter\CodeIgniter->run()
#8 /media/nirmala-std/CC52D50B52D4FB62/xampp/htdocs/veteran-cbt/vendor/codeigniter4/framework/system/Commands/Server/rewrite.php(43): require_once('...')
#9 {main}
CRITICAL - 2022-05-31 03:57:13 --> Invalid file: App\Views\Auth\login.php
#0 /media/nirmala-std/CC52D50B52D4FB62/xampp/htdocs/veteran-cbt/vendor/codeigniter4/framework/system/View/View.php(198): CodeIgniter\Exceptions\FrameworkException::forInvalidFile()
#1 /media/nirmala-std/CC52D50B52D4FB62/xampp/htdocs/veteran-cbt/vendor/codeigniter4/framework/system/Common.php(1089): CodeIgniter\View\View->render()
#2 /media/nirmala-std/CC52D50B52D4FB62/xampp/htdocs/veteran-cbt/vendor/myth/auth/src/Controllers/AuthController.php(429): view()
#3 /media/nirmala-std/CC52D50B52D4FB62/xampp/htdocs/veteran-cbt/vendor/myth/auth/src/Controllers/AuthController.php(57): Myth\Auth\Controllers\AuthController->_render()
#4 /media/nirmala-std/CC52D50B52D4FB62/xampp/htdocs/veteran-cbt/vendor/codeigniter4/framework/system/CodeIgniter.php(832): Myth\Auth\Controllers\AuthController->login()
#5 /media/nirmala-std/CC52D50B52D4FB62/xampp/htdocs/veteran-cbt/vendor/codeigniter4/framework/system/CodeIgniter.php(419): CodeIgniter\CodeIgniter->runController()
#6 /media/nirmala-std/CC52D50B52D4FB62/xampp/htdocs/veteran-cbt/vendor/codeigniter4/framework/system/CodeIgniter.php(326): CodeIgniter\CodeIgniter->handleRequest()
#7 /media/nirmala-std/CC52D50B52D4FB62/xampp/htdocs/veteran-cbt/public/index.php(37): CodeIgniter\CodeIgniter->run()
#8 /media/nirmala-std/CC52D50B52D4FB62/xampp/htdocs/veteran-cbt/vendor/codeigniter4/framework/system/Commands/Server/rewrite.php(43): require_once('...')
#9 {main}
CRITICAL - 2022-05-31 03:58:09 --> Undefined variable $title
#0 /media/nirmala-std/CC52D50B52D4FB62/xampp/htdocs/veteran-cbt/app/Views/auth/template/index.php(12): CodeIgniter\Debug\Exceptions->errorHandler()
#1 /media/nirmala-std/CC52D50B52D4FB62/xampp/htdocs/veteran-cbt/vendor/codeigniter4/framework/system/View/View.php(210): include('...')
#2 /media/nirmala-std/CC52D50B52D4FB62/xampp/htdocs/veteran-cbt/vendor/codeigniter4/framework/system/View/View.php(213): CodeIgniter\View\View->CodeIgniter\View\{closure}()
#3 /media/nirmala-std/CC52D50B52D4FB62/xampp/htdocs/veteran-cbt/vendor/codeigniter4/framework/system/View/View.php(226): CodeIgniter\View\View->render()
#4 /media/nirmala-std/CC52D50B52D4FB62/xampp/htdocs/veteran-cbt/vendor/codeigniter4/framework/system/Common.php(1089): CodeIgniter\View\View->render()
#5 /media/nirmala-std/CC52D50B52D4FB62/xampp/htdocs/veteran-cbt/vendor/myth/auth/src/Controllers/AuthController.php(429): view()
#6 /media/nirmala-std/CC52D50B52D4FB62/xampp/htdocs/veteran-cbt/vendor/myth/auth/src/Controllers/AuthController.php(57): Myth\Auth\Controllers\AuthController->_render()
#7 /media/nirmala-std/CC52D50B52D4FB62/xampp/htdocs/veteran-cbt/vendor/codeigniter4/framework/system/CodeIgniter.php(832): Myth\Auth\Controllers\AuthController->login()
#8 /media/nirmala-std/CC52D50B52D4FB62/xampp/htdocs/veteran-cbt/vendor/codeigniter4/framework/system/CodeIgniter.php(419): CodeIgniter\CodeIgniter->runController()
#9 /media/nirmala-std/CC52D50B52D4FB62/xampp/htdocs/veteran-cbt/vendor/codeigniter4/framework/system/CodeIgniter.php(326): CodeIgniter\CodeIgniter->handleRequest()
#10 /media/nirmala-std/CC52D50B52D4FB62/xampp/htdocs/veteran-cbt/public/index.php(37): CodeIgniter\CodeIgniter->run()
#11 /media/nirmala-std/CC52D50B52D4FB62/xampp/htdocs/veteran-cbt/vendor/codeigniter4/framework/system/Commands/Server/rewrite.php(43): require_once('...')
#12 {main}
CRITICAL - 2022-05-31 04:21:55 --> Invalid file: App\Views\auth\login_admin1.php
#0 /media/nirmala-std/CC52D50B52D4FB62/xampp/htdocs/veteran-cbt/vendor/codeigniter4/framework/system/View/View.php(198): CodeIgniter\Exceptions\FrameworkException::forInvalidFile()
#1 /media/nirmala-std/CC52D50B52D4FB62/xampp/htdocs/veteran-cbt/vendor/codeigniter4/framework/system/Common.php(1089): CodeIgniter\View\View->render()
#2 /media/nirmala-std/CC52D50B52D4FB62/xampp/htdocs/veteran-cbt/vendor/myth/auth/src/Controllers/AuthController.php(429): view()
#3 /media/nirmala-std/CC52D50B52D4FB62/xampp/htdocs/veteran-cbt/vendor/myth/auth/src/Controllers/AuthController.php(57): Myth\Auth\Controllers\AuthController->_render()
#4 /media/nirmala-std/CC52D50B52D4FB62/xampp/htdocs/veteran-cbt/vendor/codeigniter4/framework/system/CodeIgniter.php(832): Myth\Auth\Controllers\AuthController->login()
#5 /media/nirmala-std/CC52D50B52D4FB62/xampp/htdocs/veteran-cbt/vendor/codeigniter4/framework/system/CodeIgniter.php(419): CodeIgniter\CodeIgniter->runController()
#6 /media/nirmala-std/CC52D50B52D4FB62/xampp/htdocs/veteran-cbt/vendor/codeigniter4/framework/system/CodeIgniter.php(326): CodeIgniter\CodeIgniter->handleRequest()
#7 /media/nirmala-std/CC52D50B52D4FB62/xampp/htdocs/veteran-cbt/public/index.php(37): CodeIgniter\CodeIgniter->run()
#8 /media/nirmala-std/CC52D50B52D4FB62/xampp/htdocs/veteran-cbt/vendor/codeigniter4/framework/system/Commands/Server/rewrite.php(43): require_once('...')
#9 {main}
CRITICAL - 2022-05-31 04:23:16 --> Invalid file: App\Views\auth\login_admin1.php
#0 /media/nirmala-std/CC52D50B52D4FB62/xampp/htdocs/veteran-cbt/vendor/codeigniter4/framework/system/View/View.php(198): CodeIgniter\Exceptions\FrameworkException::forInvalidFile()
#1 /media/nirmala-std/CC52D50B52D4FB62/xampp/htdocs/veteran-cbt/vendor/codeigniter4/framework/system/Common.php(1089): CodeIgniter\View\View->render()
#2 /media/nirmala-std/CC52D50B52D4FB62/xampp/htdocs/veteran-cbt/vendor/myth/auth/src/Controllers/AuthController.php(429): view()
#3 /media/nirmala-std/CC52D50B52D4FB62/xampp/htdocs/veteran-cbt/vendor/myth/auth/src/Controllers/AuthController.php(57): Myth\Auth\Controllers\AuthController->_render()
#4 /media/nirmala-std/CC52D50B52D4FB62/xampp/htdocs/veteran-cbt/vendor/codeigniter4/framework/system/CodeIgniter.php(832): Myth\Auth\Controllers\AuthController->login()
#5 /media/nirmala-std/CC52D50B52D4FB62/xampp/htdocs/veteran-cbt/vendor/codeigniter4/framework/system/CodeIgniter.php(419): CodeIgniter\CodeIgniter->runController()
#6 /media/nirmala-std/CC52D50B52D4FB62/xampp/htdocs/veteran-cbt/vendor/codeigniter4/framework/system/CodeIgniter.php(326): CodeIgniter\CodeIgniter->handleRequest()
#7 /media/nirmala-std/CC52D50B52D4FB62/xampp/htdocs/veteran-cbt/public/index.php(37): CodeIgniter\CodeIgniter->run()
#8 /media/nirmala-std/CC52D50B52D4FB62/xampp/htdocs/veteran-cbt/vendor/codeigniter4/framework/system/Commands/Server/rewrite.php(43): require_once('...')
#9 {main}
CRITICAL - 2022-05-31 04:23:17 --> Invalid file: App\Views\auth\login_admin1.php
#0 /media/nirmala-std/CC52D50B52D4FB62/xampp/htdocs/veteran-cbt/vendor/codeigniter4/framework/system/View/View.php(198): CodeIgniter\Exceptions\FrameworkException::forInvalidFile()
#1 /media/nirmala-std/CC52D50B52D4FB62/xampp/htdocs/veteran-cbt/vendor/codeigniter4/framework/system/Common.php(1089): CodeIgniter\View\View->render()
#2 /media/nirmala-std/CC52D50B52D4FB62/xampp/htdocs/veteran-cbt/vendor/myth/auth/src/Controllers/AuthController.php(429): view()
#3 /media/nirmala-std/CC52D50B52D4FB62/xampp/htdocs/veteran-cbt/vendor/myth/auth/src/Controllers/AuthController.php(57): Myth\Auth\Controllers\AuthController->_render()
#4 /media/nirmala-std/CC52D50B52D4FB62/xampp/htdocs/veteran-cbt/vendor/codeigniter4/framework/system/CodeIgniter.php(832): Myth\Auth\Controllers\AuthController->login()
#5 /media/nirmala-std/CC52D50B52D4FB62/xampp/htdocs/veteran-cbt/vendor/codeigniter4/framework/system/CodeIgniter.php(419): CodeIgniter\CodeIgniter->runController()
#6 /media/nirmala-std/CC52D50B52D4FB62/xampp/htdocs/veteran-cbt/vendor/codeigniter4/framework/system/CodeIgniter.php(326): CodeIgniter\CodeIgniter->handleRequest()
#7 /media/nirmala-std/CC52D50B52D4FB62/xampp/htdocs/veteran-cbt/public/index.php(37): CodeIgniter\CodeIgniter->run()
#8 /media/nirmala-std/CC52D50B52D4FB62/xampp/htdocs/veteran-cbt/vendor/codeigniter4/framework/system/Commands/Server/rewrite.php(43): require_once('...')
#9 {main}
CRITICAL - 2022-05-31 04:23:28 --> Undefined variable $title
#0 /media/nirmala-std/CC52D50B52D4FB62/xampp/htdocs/veteran-cbt/app/Views/auth/template/index.php(12): CodeIgniter\Debug\Exceptions->errorHandler()
#1 /media/nirmala-std/CC52D50B52D4FB62/xampp/htdocs/veteran-cbt/vendor/codeigniter4/framework/system/View/View.php(210): include('...')
#2 /media/nirmala-std/CC52D50B52D4FB62/xampp/htdocs/veteran-cbt/vendor/codeigniter4/framework/system/View/View.php(213): CodeIgniter\View\View->CodeIgniter\View\{closure}()
#3 /media/nirmala-std/CC52D50B52D4FB62/xampp/htdocs/veteran-cbt/vendor/codeigniter4/framework/system/View/View.php(226): CodeIgniter\View\View->render()
#4 /media/nirmala-std/CC52D50B52D4FB62/xampp/htdocs/veteran-cbt/vendor/codeigniter4/framework/system/Common.php(1089): CodeIgniter\View\View->render()
#5 /media/nirmala-std/CC52D50B52D4FB62/xampp/htdocs/veteran-cbt/vendor/myth/auth/src/Controllers/AuthController.php(429): view()
#6 /media/nirmala-std/CC52D50B52D4FB62/xampp/htdocs/veteran-cbt/vendor/myth/auth/src/Controllers/AuthController.php(57): Myth\Auth\Controllers\AuthController->_render()
#7 /media/nirmala-std/CC52D50B52D4FB62/xampp/htdocs/veteran-cbt/vendor/codeigniter4/framework/system/CodeIgniter.php(832): Myth\Auth\Controllers\AuthController->login()
#8 /media/nirmala-std/CC52D50B52D4FB62/xampp/htdocs/veteran-cbt/vendor/codeigniter4/framework/system/CodeIgniter.php(419): CodeIgniter\CodeIgniter->runController()
#9 /media/nirmala-std/CC52D50B52D4FB62/xampp/htdocs/veteran-cbt/vendor/codeigniter4/framework/system/CodeIgniter.php(326): CodeIgniter\CodeIgniter->handleRequest()
#10 /media/nirmala-std/CC52D50B52D4FB62/xampp/htdocs/veteran-cbt/public/index.php(37): CodeIgniter\CodeIgniter->run()
#11 /media/nirmala-std/CC52D50B52D4FB62/xampp/htdocs/veteran-cbt/vendor/codeigniter4/framework/system/Commands/Server/rewrite.php(43): require_once('...')
#12 {main}
CRITICAL - 2022-05-31 04:28:51 --> Undefined variable $title
#0 /media/nirmala-std/CC52D50B52D4FB62/xampp/htdocs/veteran-cbt/app/Views/auth/template/index.php(12): CodeIgniter\Debug\Exceptions->errorHandler()
#1 /media/nirmala-std/CC52D50B52D4FB62/xampp/htdocs/veteran-cbt/vendor/codeigniter4/framework/system/View/View.php(210): include('...')
#2 /media/nirmala-std/CC52D50B52D4FB62/xampp/htdocs/veteran-cbt/vendor/codeigniter4/framework/system/View/View.php(213): CodeIgniter\View\View->CodeIgniter\View\{closure}()
#3 /media/nirmala-std/CC52D50B52D4FB62/xampp/htdocs/veteran-cbt/vendor/codeigniter4/framework/system/View/View.php(226): CodeIgniter\View\View->render()
#4 /media/nirmala-std/CC52D50B52D4FB62/xampp/htdocs/veteran-cbt/vendor/codeigniter4/framework/system/Common.php(1089): CodeIgniter\View\View->render()
#5 /media/nirmala-std/CC52D50B52D4FB62/xampp/htdocs/veteran-cbt/vendor/myth/auth/src/Controllers/AuthController.php(429): view()
#6 /media/nirmala-std/CC52D50B52D4FB62/xampp/htdocs/veteran-cbt/vendor/myth/auth/src/Controllers/AuthController.php(57): Myth\Auth\Controllers\AuthController->_render()
#7 /media/nirmala-std/CC52D50B52D4FB62/xampp/htdocs/veteran-cbt/vendor/codeigniter4/framework/system/CodeIgniter.php(832): Myth\Auth\Controllers\AuthController->login()
#8 /media/nirmala-std/CC52D50B52D4FB62/xampp/htdocs/veteran-cbt/vendor/codeigniter4/framework/system/CodeIgniter.php(419): CodeIgniter\CodeIgniter->runController()
#9 /media/nirmala-std/CC52D50B52D4FB62/xampp/htdocs/veteran-cbt/vendor/codeigniter4/framework/system/CodeIgniter.php(326): CodeIgniter\CodeIgniter->handleRequest()
#10 /media/nirmala-std/CC52D50B52D4FB62/xampp/htdocs/veteran-cbt/public/index.php(37): CodeIgniter\CodeIgniter->run()
#11 /media/nirmala-std/CC52D50B52D4FB62/xampp/htdocs/veteran-cbt/vendor/codeigniter4/framework/system/Commands/Server/rewrite.php(43): require_once('...')
#12 {main}
